Using pre-set license
Built from '2022.3/staging' branch; Version is '2022.3.17f1 (4fc78088f837) revision 5228416'; Using compiler version '192829333'; Build Type 'Release'
OS: 'Windows 10  (10.0.19045) 64bit Core' Language: 'es' Physical Memory: 16335 MB
BatchMode: 1, IsHumanControllingUs: 0, StartBugReporterOnCrash: 0, Is64bit: 1, IsPro: 1

COMMAND LINE ARGUMENTS:
C:\Program Files\Unity\Hub\Editor\2022.3.17f1\Editor\Unity.exe
-adb2
-batchMode
-noUpm
-name
AssetImportWorker1
-projectPath
D:/MAIN PROYECTO/Proyecto1/Proyecto1Unity/Proyecto1Unity
-logFile
Logs/AssetImportWorker1.log
-srvPort
50109
Successfully changed project path to: D:/MAIN PROYECTO/Proyecto1/Proyecto1Unity/Proyecto1Unity
D:/MAIN PROYECTO/Proyecto1/Proyecto1Unity/Proyecto1Unity
[UnityMemory] Configuration Parameters - Can be set up in boot.config
    "memorysetup-bucket-allocator-granularity=16"
    "memorysetup-bucket-allocator-bucket-count=8"
    "memorysetup-bucket-allocator-block-size=33554432"
    "memorysetup-bucket-allocator-block-count=8"
    "memorysetup-main-allocator-block-size=16777216"
    "memorysetup-thread-allocator-block-size=16777216"
    "memorysetup-gfx-main-allocator-block-size=16777216"
    "memorysetup-gfx-thread-allocator-block-size=16777216"
    "memorysetup-cache-allocator-block-size=4194304"
    "memorysetup-typetree-allocator-block-size=2097152"
    "memorysetup-profiler-bucket-allocator-granularity=16"
    "memorysetup-profiler-bucket-allocator-bucket-count=8"
    "memorysetup-profiler-bucket-allocator-block-size=33554432"
    "memorysetup-profiler-bucket-allocator-block-count=8"
    "memorysetup-profiler-allocator-block-size=16777216"
    "memorysetup-profiler-editor-allocator-block-size=1048576"
    "memorysetup-temp-allocator-size-main=16777216"
    "memorysetup-job-temp-allocator-block-size=2097152"
    "memorysetup-job-temp-allocator-block-size-background=1048576"
    "memorysetup-job-temp-allocator-reduction-small-platforms=262144"
    "memorysetup-allocator-temp-initial-block-size-main=262144"
    "memorysetup-allocator-temp-initial-block-size-worker=262144"
    "memorysetup-temp-allocator-size-background-worker=32768"
    "memorysetup-temp-allocator-size-job-worker=262144"
    "memorysetup-temp-allocator-size-preload-manager=33554432"
    "memorysetup-temp-allocator-size-nav-mesh-worker=65536"
    "memorysetup-temp-allocator-size-audio-worker=65536"
    "memorysetup-temp-allocator-size-cloud-worker=32768"
    "memorysetup-temp-allocator-size-gi-baking-worker=262144"
    "memorysetup-temp-allocator-size-gfx=262144"
Player connection [19760] Host "[IP] 192.168.1.33 [Port] 0 [Flags] 2 [Guid] 3445961670 [EditorId] 3445961670 [Version] 1048832 [Id] WindowsEditor(7,DESKTOP-N0P0HHP) [Debug] 1 [PackageName] WindowsEditor [ProjectName] Editor" joined multi-casting on [225.0.0.222:54997]...

Player connection [19760] Host "[IP] 192.168.1.33 [Port] 0 [Flags] 2 [Guid] 3445961670 [EditorId] 3445961670 [Version] 1048832 [Id] WindowsEditor(7,DESKTOP-N0P0HHP) [Debug] 1 [PackageName] WindowsEditor [ProjectName] Editor" joined alternative multi-casting on [225.0.0.222:34997]...

[Physics::Module] Initialized MultithreadedJobDispatcher with 11 workers.
Refreshing native plugins compatible for Editor in 10.11 ms, found 3 plugins.
Preloading 0 native plugins for Editor in 0.00 ms.
Initialize engine version: 2022.3.17f1 (4fc78088f837)
[Subsystems] Discovering subsystems at path C:/Program Files/Unity/Hub/Editor/2022.3.17f1/Editor/Data/Resources/UnitySubsystems
[Subsystems] Discovering subsystems at path D:/MAIN PROYECTO/Proyecto1/Proyecto1Unity/Proyecto1Unity/Assets
GfxDevice: creating device client; threaded=0; jobified=0
Direct3D:
    Version:  Direct3D 11.0 [level 11.1]
    Renderer: Radeon RX 590 Series (ID=0x67df)
    Vendor:   ATI
    VRAM:     8170 MB
    Driver:   31.0.12027.9001
Shader Hidden/ProbeVolume/VoxelizeScene is not supported: GPU does not support conservative rasterization
Initialize mono
Mono path[0] = 'C:/Program Files/Unity/Hub/Editor/2022.3.17f1/Editor/Data/Managed'
Mono path[1] = 'C:/Program Files/Unity/Hub/Editor/2022.3.17f1/Editor/Data/MonoBleedingEdge/lib/mono/unityjit-win32'
Mono config path = 'C:/Program Files/Unity/Hub/Editor/2022.3.17f1/Editor/Data/MonoBleedingEdge/etc'
Using monoOptions --debugger-agent=transport=dt_socket,embedding=1,server=y,suspend=n,address=127.0.0.1:56916
Begin MonoManager ReloadAssembly
Registering precompiled unity dll's ...
Register platform support module: C:/Program Files/Unity/Hub/Editor/2022.3.17f1/Editor/Data/PlaybackEngines/WebGLSupport/UnityEditor.WebGL.Extensions.dll
Register platform support module: C:/Program Files/Unity/Hub/Editor/2022.3.17f1/Editor/Data/PlaybackEngines/AndroidPlayer/UnityEditor.Android.Extensions.dll
Register platform support module: C:/Program Files/Unity/Hub/Editor/2022.3.17f1/Editor/Data/PlaybackEngines/WindowsStandaloneSupport/UnityEditor.WindowsStandalone.Extensions.dll
Registered in 0.026752 seconds.
- Loaded All Assemblies, in  0.524 seconds
Native extension for WindowsStandalone target not found
Native extension for Android target not found
Android Extension - Scanning For ADB Devices 488 ms
Native extension for WebGL target not found
Mono: successfully reloaded assembly
- Finished resetting the current domain, in  0.940 seconds
Domain Reload Profiling: 1457ms
	BeginReloadAssembly (150ms)
		ExecutionOrderSort (0ms)
		DisableScriptedObjects (0ms)
		BackupInstance (0ms)
		ReleaseScriptingObjects (0ms)
		CreateAndSetChildDomain (1ms)
	RebuildCommonClasses (48ms)
	RebuildNativeTypeToScriptingClass (20ms)
	initialDomainReloadingComplete (107ms)
	LoadAllAssembliesAndSetupDomain (191ms)
		LoadAssemblies (146ms)
		RebuildTransferFunctionScriptingTraits (0ms)
		AnalyzeDomain (188ms)
			TypeCache.Refresh (186ms)
				TypeCache.ScanAssembly (170ms)
			ScanForSourceGeneratedMonoScriptInfo (0ms)
			ResolveRequiredComponents (1ms)
	FinalizeReload (941ms)
		ReleaseScriptCaches (0ms)
		RebuildScriptCaches (0ms)
		SetupLoadedEditorAssemblies (866ms)
			LogAssemblyErrors (0ms)
			InitializePlatformSupportModulesInManaged (653ms)
			SetLoadedEditorAssemblies (4ms)
			RefreshPlugins (0ms)
			BeforeProcessingInitializeOnLoad (3ms)
			ProcessInitializeOnLoadAttributes (149ms)
			ProcessInitializeOnLoadMethodAttributes (57ms)
			AfterProcessingInitializeOnLoad (0ms)
			EditorAssembliesLoaded (0ms)
		ExecutionOrderSort2 (0ms)
		AwakeInstancesAfterBackupRestoration (0ms)
========================================================================
Worker process is ready to serve import requests
Begin MonoManager ReloadAssembly
Symbol file data-000001D90A61C820 doesn't match image D:\MAIN PROYECTO\Proyecto1\Proyecto1Unity\Proyecto1Unity\Library\ScriptAssemblies\Unity.RenderPipelines.ShaderGraph.ShaderGraphLibrary.dll
Symbol file LoadedFromMemory is not a mono symbol file
Symbol file data-000001D90A61C820 doesn't match image D:\MAIN PROYECTO\Proyecto1\Proyecto1Unity\Proyecto1Unity\Library\ScriptAssemblies\Unity.EditorCoroutines.Editor.dll
Symbol file LoadedFromMemory is not a mono symbol file
Symbol file data-000001D90B0B8010 doesn't match image D:\MAIN PROYECTO\Proyecto1\Proyecto1Unity\Proyecto1Unity\Library\ScriptAssemblies\Unity.RenderPipelines.Core.Runtime.dll
Symbol file LoadedFromMemory is not a mono symbol file
Symbol file data-000001D90B15C010 doesn't match image D:\MAIN PROYECTO\Proyecto1\Proyecto1Unity\Proyecto1Unity\Library\ScriptAssemblies\com.unity.cinemachine.editor.dll
Symbol file LoadedFromMemory is not a mono symbol file
Symbol file data-000001D8E89AF7E0 doesn't match image D:\MAIN PROYECTO\Proyecto1\Proyecto1Unity\Proyecto1Unity\Library\ScriptAssemblies\Unity.AI.Navigation.dll
Symbol file LoadedFromMemory is not a mono symbol file
Symbol file data-000001D90B15C010 doesn't match image D:\MAIN PROYECTO\Proyecto1\Proyecto1Unity\Proyecto1Unity\Library\ScriptAssemblies\Unity.PlasticSCM.Editor.dll
Symbol file LoadedFromMemory is not a mono symbol file
Symbol file data-000001D8E89AF7E0 doesn't match image D:\MAIN PROYECTO\Proyecto1\Proyecto1Unity\Proyecto1Unity\Library\ScriptAssemblies\Unity.ProBuilder.Stl.dll
Symbol file LoadedFromMemory is not a mono symbol file
Symbol file data-000001D90B15C010 doesn't match image D:\MAIN PROYECTO\Proyecto1\Proyecto1Unity\Proyecto1Unity\Library\ScriptAssemblies\Unity.ProBuilder.dll
Symbol file LoadedFromMemory is not a mono symbol file
Symbol file data-000001D90B15C010 doesn't match image D:\MAIN PROYECTO\Proyecto1\Proyecto1Unity\Proyecto1Unity\Library\ScriptAssemblies\Unity.Timeline.Editor.dll
Symbol file LoadedFromMemory is not a mono symbol file
Symbol file data-000001D8E89AF7E0 doesn't match image D:\MAIN PROYECTO\Proyecto1\Proyecto1Unity\Proyecto1Unity\Library\ScriptAssemblies\Unity.VisualScripting.Shared.Editor.dll
Symbol file LoadedFromMemory is not a mono symbol file
Symbol file data-000001D8E8D08010 doesn't match image D:\MAIN PROYECTO\Proyecto1\Proyecto1Unity\Proyecto1Unity\Library\ScriptAssemblies\Unity.ShaderGraph.Editor.dll
Symbol file LoadedFromMemory is not a mono symbol file
Symbol file data-000001D8E89AF7E0 doesn't match image D:\MAIN PROYECTO\Proyecto1\Proyecto1Unity\Proyecto1Unity\Library\ScriptAssemblies\Unity.CollabProxy.Editor.dll
Symbol file LoadedFromMemory is not a mono symbol file
Symbol file data-000001D8E7953E20 doesn't match image D:\MAIN PROYECTO\Proyecto1\Proyecto1Unity\Proyecto1Unity\Library\ScriptAssemblies\Unity.VisualStudio.Editor.dll
Symbol file LoadedFromMemory is not a mono symbol file
Symbol file data-000001D8E7953E20 doesn't match image D:\MAIN PROYECTO\Proyecto1\Proyecto1Unity\Proyecto1Unity\Library\ScriptAssemblies\UnityEditor.UI.dll
Symbol file LoadedFromMemory is not a mono symbol file
Symbol file data-000001D8E8C78FD0 doesn't match image D:\MAIN PROYECTO\Proyecto1\Proyecto1Unity\Proyecto1Unity\Library\ScriptAssemblies\Unity.VisualScripting.Core.dll
Symbol file LoadedFromMemory is not a mono symbol file
Symbol file data-000001D8E8C78FD0 doesn't match image D:\MAIN PROYECTO\Proyecto1\Proyecto1Unity\Proyecto1Unity\Library\ScriptAssemblies\Unity.VisualScripting.Core.Editor.dll
Symbol file LoadedFromMemory is not a mono symbol file
Symbol file data-000001D8E7953E20 doesn't match image D:\MAIN PROYECTO\Proyecto1\Proyecto1Unity\Proyecto1Unity\Library\ScriptAssemblies\Unity.Rider.Editor.dll
Symbol file LoadedFromMemory is not a mono symbol file
Symbol file data-000001D8E89AF7E0 doesn't match image D:\MAIN PROYECTO\Proyecto1\Proyecto1Unity\Proyecto1Unity\Library\ScriptAssemblies\Unity.ProBuilder.AddOns.Editor.dll
Symbol file LoadedFromMemory is not a mono symbol file
Symbol file data-000001D90B195830 doesn't match image D:\MAIN PROYECTO\Proyecto1\Proyecto1Unity\Proyecto1Unity\Library\ScriptAssemblies\UnityEngine.UI.dll
Symbol file LoadedFromMemory is not a mono symbol file
Symbol file data-000001D8E7953E20 doesn't match image D:\MAIN PROYECTO\Proyecto1\Proyecto1Unity\Proyecto1Unity\Library\ScriptAssemblies\Unity.ProBuilder.Csg.dll
Symbol file LoadedFromMemory is not a mono symbol file
Symbol file data-000001D8E8D08010 doesn't match image D:\MAIN PROYECTO\Proyecto1\Proyecto1Unity\Proyecto1Unity\Library\ScriptAssemblies\Unity.RenderPipelines.Core.Editor.dll
Symbol file LoadedFromMemory is not a mono symbol file
Symbol file data-000001D8E8533960 doesn't match image D:\MAIN PROYECTO\Proyecto1\Proyecto1Unity\Proyecto1Unity\Library\ScriptAssemblies\UnityEditor.TestRunner.dll
Symbol file LoadedFromMemory is not a mono symbol file
Symbol file data-000001D8E8D3F620 doesn't match image D:\MAIN PROYECTO\Proyecto1\Proyecto1Unity\Proyecto1Unity\Library\ScriptAssemblies\Unity.VisualScripting.Flow.dll
Symbol file LoadedFromMemory is not a mono symbol file
Symbol file data-000001D8E8533960 doesn't match image D:\MAIN PROYECTO\Proyecto1\Proyecto1Unity\Proyecto1Unity\Library\ScriptAssemblies\Unity.VisualScripting.Flow.Editor.dll
Symbol file LoadedFromMemory is not a mono symbol file
Symbol file data-000001D90B195830 doesn't match image D:\MAIN PROYECTO\Proyecto1\Proyecto1Unity\Proyecto1Unity\Library\ScriptAssemblies\Unity.Timeline.dll
Symbol file LoadedFromMemory is not a mono symbol file
Symbol file data-000001D8E8AA6020 doesn't match image D:\MAIN PROYECTO\Proyecto1\Proyecto1Unity\Proyecto1Unity\Library\ScriptAssemblies\Unity.InputSystem.dll
Symbol file LoadedFromMemory is not a mono symbol file
Symbol file data-000001D90AB07430 doesn't match image D:\MAIN PROYECTO\Proyecto1\Proyecto1Unity\Proyecto1Unity\Library\ScriptAssemblies\Unity.ProBuilder.Editor.dll
Symbol file LoadedFromMemory is not a mono symbol file
Symbol file data-000001D8E795BE30 doesn't match image D:\MAIN PROYECTO\Proyecto1\Proyecto1Unity\Proyecto1Unity\Library\ScriptAssemblies\Unity.TestTools.CodeCoverage.Editor.OpenCover.Mono.Reflection.dll
Symbol file LoadedFromMemory is not a mono symbol file
Symbol file data-000001D8E89B41F0 doesn't match image D:\MAIN PROYECTO\Proyecto1\Proyecto1Unity\Proyecto1Unity\Library\ScriptAssemblies\Unity.InputSystem.ForUI.dll
Symbol file LoadedFromMemory is not a mono symbol file
Symbol file data-000001D8E795BE30 doesn't match image D:\MAIN PROYECTO\Proyecto1\Proyecto1Unity\Proyecto1Unity\Library\ScriptAssemblies\Unity.VisualScripting.SettingsProvider.Editor.dll
Symbol file LoadedFromMemory is not a mono symbol file
Symbol file data-000001D90B195830 doesn't match image D:\MAIN PROYECTO\Proyecto1\Proyecto1Unity\Proyecto1Unity\Library\ScriptAssemblies\Unity.Performance.Profile-Analyzer.Editor.dll
Symbol file LoadedFromMemory is not a mono symbol file
Symbol file data-000001D8E8B35A40 doesn't match image D:\MAIN PROYECTO\Proyecto1\Proyecto1Unity\Proyecto1Unity\Library\ScriptAssemblies\Unity.RenderPipelines.Core.ShaderLibrary.dll
Symbol file LoadedFromMemory is not a mono symbol file
Symbol file data-000001D8E8D80A30 doesn't match image D:\MAIN PROYECTO\Proyecto1\Proyecto1Unity\Proyecto1Unity\Library\ScriptAssemblies\Unity.TestTools.CodeCoverage.Editor.OpenCover.Model.dll
Symbol file LoadedFromMemory is not a mono symbol file
Symbol file data-000001D8E8B35A40 doesn't match image D:\MAIN PROYECTO\Proyecto1\Proyecto1Unity\Proyecto1Unity\Library\ScriptAssemblies\Unity.AI.Navigation.Updater.dll
Symbol file LoadedFromMemory is not a mono symbol file
Symbol file data-000001D90B195830 doesn't match image D:\MAIN PROYECTO\Proyecto1\Proyecto1Unity\Proyecto1Unity\Library\ScriptAssemblies\Unity.ProBuilder.Poly2Tri.dll
Symbol file LoadedFromMemory is not a mono symbol file
Symbol file data-000001D8E8353090 doesn't match image D:\MAIN PROYECTO\Proyecto1\Proyecto1Unity\Proyecto1Unity\Library\ScriptAssemblies\Unity.TestTools.CodeCoverage.Editor.dll
Symbol file LoadedFromMemory is not a mono symbol file
Symbol file data-000001D8E8CBA7E0 doesn't match image D:\MAIN PROYECTO\Proyecto1\Proyecto1Unity\Proyecto1Unity\Library\ScriptAssemblies\UnityEngine.TestRunner.dll
Symbol file LoadedFromMemory is not a mono symbol file
Symbol file data-000001D8E8CD2FF0 doesn't match image D:\MAIN PROYECTO\Proyecto1\Proyecto1Unity\Proyecto1Unity\Library\ScriptAssemblies\Unity.VisualScripting.State.Editor.dll
Symbol file LoadedFromMemory is not a mono symbol file
Symbol file data-000001D90B1B6A40 doesn't match image D:\MAIN PROYECTO\Proyecto1\Proyecto1Unity\Proyecto1Unity\Library\ScriptAssemblies\Unity.Settings.Editor.dll
Symbol file LoadedFromMemory is not a mono symbol file
Symbol file data-000001D90B1B6A40 doesn't match image D:\MAIN PROYECTO\Proyecto1\Proyecto1Unity\Proyecto1Unity\Library\ScriptAssemblies\Unity.ProBuilder.KdTree.dll
Symbol file LoadedFromMemory is not a mono symbol file
Symbol file data-000001D90AD8A420 doesn't match image D:\MAIN PROYECTO\Proyecto1\Proyecto1Unity\Proyecto1Unity\Library\ScriptAssemblies\Unity.TextMeshPro.dll
Symbol file LoadedFromMemory is not a mono symbol file
Symbol file data-000001D90AD8A420 doesn't match image D:\MAIN PROYECTO\Proyecto1\Proyecto1Unity\Proyecto1Unity\Library\ScriptAssemblies\Unity.TextMeshPro.Editor.dll
Symbol file LoadedFromMemory is not a mono symbol file
Symbol file data-000001D8E8373EA0 doesn't match image D:\MAIN PROYECTO\Proyecto1\Proyecto1Unity\Proyecto1Unity\Library\ScriptAssemblies\Unity.Searcher.Editor.dll
Symbol file LoadedFromMemory is not a mono symbol file
Symbol file data-000001D8E8373EA0 doesn't match image D:\MAIN PROYECTO\Proyecto1\Proyecto1Unity\Proyecto1Unity\Library\ScriptAssemblies\Unity.AI.Navigation.Editor.dll
Symbol file LoadedFromMemory is not a mono symbol file
Symbol file data-000001D90AB3FE40 doesn't match image D:\MAIN PROYECTO\Proyecto1\Proyecto1Unity\Proyecto1Unity\Library\ScriptAssemblies\Unity.ProBuilder.AssetIdRemapUtility.dll
Symbol file LoadedFromMemory is not a mono symbol file
Symbol file data-000001D90AB3FE40 doesn't match image D:\MAIN PROYECTO\Proyecto1\Proyecto1Unity\Proyecto1Unity\Library\ScriptAssemblies\Unity.VisualScripting.State.dll
Symbol file LoadedFromMemory is not a mono symbol file
Symbol file data-000001D90B1B6A40 doesn't match image D:\MAIN PROYECTO\Proyecto1\Proyecto1Unity\Proyecto1Unity\Library\ScriptAssemblies\Unity.AI.Navigation.Editor.ConversionSystem.dll
Symbol file LoadedFromMemory is not a mono symbol file
Symbol file data-000001D8E8DFE030 doesn't match image D:\MAIN PROYECTO\Proyecto1\Proyecto1Unity\Proyecto1Unity\Library\ScriptAssemblies\Cinemachine.dll
Symbol file LoadedFromMemory is not a mono symbol file
Symbol file data-000001D90B1B6A40 doesn't match image D:\MAIN PROYECTO\Proyecto1\Proyecto1Unity\Proyecto1Unity\Library\ScriptAssemblies\Unity.VSCode.Editor.dll
Symbol file LoadedFromMemory is not a mono symbol file
Symbol file data-000001D8E8D8A640 doesn't match image D:\MAIN PROYECTO\Proyecto1\Proyecto1Unity\Proyecto1Unity\Library\ScriptAssemblies\Unity.ShaderGraph.Utilities.dll
Symbol file LoadedFromMemory is not a mono symbol file
- Loaded All Assemblies, in  0.945 seconds
Refreshing native plugins compatible for Editor in 2.81 ms, found 3 plugins.
Native extension for WindowsStandalone target not found
Native extension for Android target not found
Native extension for WebGL target not found
Package Manager log level set to [2]
[Package Manager] Server::EnsureServerProcessIsRunning -- launch failed, reason: Unity was launched with the -noUpm command-line argument
[Package Manager] UpmClient::Send -- Unable to send message (not connected to UPM process).
[Package Manager] Cannot connect to Unity Package Manager local server
Mono: successfully reloaded assembly
- Finished resetting the current domain, in  0.957 seconds
Domain Reload Profiling: 1895ms
	BeginReloadAssembly (200ms)
		ExecutionOrderSort (0ms)
		DisableScriptedObjects (8ms)
		BackupInstance (0ms)
		ReleaseScriptingObjects (0ms)
		CreateAndSetChildDomain (24ms)
	RebuildCommonClasses (45ms)
	RebuildNativeTypeToScriptingClass (15ms)
	initialDomainReloadingComplete (65ms)
	LoadAllAssembliesAndSetupDomain (613ms)
		LoadAssemblies (431ms)
		RebuildTransferFunctionScriptingTraits (0ms)
		AnalyzeDomain (304ms)
			TypeCache.Refresh (264ms)
				TypeCache.ScanAssembly (243ms)
			ScanForSourceGeneratedMonoScriptInfo (30ms)
			ResolveRequiredComponents (9ms)
	FinalizeReload (957ms)
		ReleaseScriptCaches (0ms)
		RebuildScriptCaches (0ms)
		SetupLoadedEditorAssemblies (729ms)
			LogAssemblyErrors (0ms)
			InitializePlatformSupportModulesInManaged (38ms)
			SetLoadedEditorAssemblies (4ms)
			RefreshPlugins (0ms)
			BeforeProcessingInitializeOnLoad (100ms)
			ProcessInitializeOnLoadAttributes (481ms)
			ProcessInitializeOnLoadMethodAttributes (83ms)
			AfterProcessingInitializeOnLoad (24ms)
			EditorAssembliesLoaded (0ms)
		ExecutionOrderSort2 (0ms)
		AwakeInstancesAfterBackupRestoration (7ms)
Shader Hidden/ProbeVolume/VoxelizeScene is not supported: GPU does not support conservative rasterization
Launched and connected shader compiler UnityShaderCompiler.exe after 0.06 seconds
Refreshing native plugins compatible for Editor in 2.94 ms, found 3 plugins.
Preloading 0 native plugins for Editor in 0.00 ms.
Unloading 5252 Unused Serialized files (Serialized files now loaded: 0)
Unloading 68 unused Assets / (482.4 KB). Loaded Objects now: 5718.
Memory consumption went from 192.6 MB to 192.1 MB.
Total: 4.206300 ms (FindLiveObjects: 0.560600 ms CreateObjectMapping: 0.149800 ms MarkObjects: 3.215800 ms  DeleteObjects: 0.278800 ms)

AssetImportParameters requested are different than current active one (requested -> active):
  custom:container-demuxer-ogg: 62fdf1f143b41e24485cea50d1cbac27 -> 
  custom:video-decoder-ogg-theora: a1e56fd34408186e4bbccfd4996cb3dc -> 
  custom:framework-win-MediaFoundation: 216162199b28c13a410421893ffa2e32 -> 
  custom:CustomObjectIndexerAttribute: 6d391050e5a25f67b0a2c618074f2cd9 -> 
  custom:container-demuxer-webm: 4f35f7cbe854078d1ac9338744f61a02 -> 
  custom:container-muxer-webm: aa71ff27fc2769a1b78a27578f13a17b -> 
  custom:video-decoder-webm-vp8: 9c59270c3fd7afecdb556c50c9e8de78 -> 
  custom:SearchIndexIgnoredProperties: e643bd26f0fe6173181afceb89e7c659 -> 
  custom:AudioImporter_EditorPlatform: d09bf68614088b80899f8185d706f6e7 -> 
  custom:video-encoder-webm-vp8: eb34c28f22e8b96e1ab97ce403110664 -> 
  custom:audio-decoder-ogg-vorbis: bf7c407c2cedff20999df2af8eb42d56 -> 
  custom:audio-encoder-webm-vorbis: bf7c407c2cedff20999df2af8eb42d56 -> 
========================================================================
Received Import Request.
  Time since last request: 2323.108282 seconds.
  path: Assets/Core/Prefabs/Decorative Elements/No Collider/Helecho_2_elementosDecorativos_T (1) Variant.prefab
  artifactKey: Guid(f0eca5a4557362c41a2594f47f688f8f) Importer(815301076,1909f56bfc062723c751e8b465ee728b)
Start importing Assets/Core/Prefabs/Decorative Elements/No Collider/Helecho_2_elementosDecorativos_T (1) Variant.prefab using Guid(f0eca5a4557362c41a2594f47f688f8f) Importer(815301076,1909f56bfc062723c751e8b465ee728b)  -> (artifact id: '9aea1dc4dd2e7e56cf772cef3565d284') in 0.100446 seconds
Number of updated asset objects reloaded before import = 0
Number of asset objects unloaded after import = 17
========================================================================
Received Prepare
Begin MonoManager ReloadAssembly
Symbol file data-000001D90A76BA70 doesn't match image D:\MAIN PROYECTO\Proyecto1\Proyecto1Unity\Proyecto1Unity\Library\ScriptAssemblies\Unity.RenderPipelines.ShaderGraph.ShaderGraphLibrary.dll
Symbol file LoadedFromMemory is not a mono symbol file
Symbol file data-000001D90A82C420 doesn't match image D:\MAIN PROYECTO\Proyecto1\Proyecto1Unity\Proyecto1Unity\Library\ScriptAssemblies\Unity.EditorCoroutines.Editor.dll
Symbol file LoadedFromMemory is not a mono symbol file
Symbol file data-000001D918061DF0 doesn't match image D:\MAIN PROYECTO\Proyecto1\Proyecto1Unity\Proyecto1Unity\Library\ScriptAssemblies\Unity.RenderPipelines.Core.Runtime.dll
Symbol file LoadedFromMemory is not a mono symbol file
Symbol file data-000001D90A5CE040 doesn't match image D:\MAIN PROYECTO\Proyecto1\Proyecto1Unity\Proyecto1Unity\Library\ScriptAssemblies\com.unity.cinemachine.editor.dll
Symbol file LoadedFromMemory is not a mono symbol file
Symbol file data-000001D90BEE0B50 doesn't match image D:\MAIN PROYECTO\Proyecto1\Proyecto1Unity\Proyecto1Unity\Library\ScriptAssemblies\Unity.AI.Navigation.dll
Symbol file LoadedFromMemory is not a mono symbol file
Symbol file data-000001D90AE6B020 doesn't match image D:\MAIN PROYECTO\Proyecto1\Proyecto1Unity\Proyecto1Unity\Library\ScriptAssemblies\Unity.PlasticSCM.Editor.dll
Symbol file LoadedFromMemory is not a mono symbol file
Symbol file data-000001D90BEE0B50 doesn't match image D:\MAIN PROYECTO\Proyecto1\Proyecto1Unity\Proyecto1Unity\Library\ScriptAssemblies\Unity.ProBuilder.Stl.dll
Symbol file LoadedFromMemory is not a mono symbol file
Symbol file data-000001D8E8B3BDD0 doesn't match image D:\MAIN PROYECTO\Proyecto1\Proyecto1Unity\Proyecto1Unity\Library\ScriptAssemblies\Unity.ProBuilder.dll
Symbol file LoadedFromMemory is not a mono symbol file
Symbol file data-000001D90B0B8010 doesn't match image D:\MAIN PROYECTO\Proyecto1\Proyecto1Unity\Proyecto1Unity\Library\ScriptAssemblies\Unity.Timeline.Editor.dll
Symbol file LoadedFromMemory is not a mono symbol file
Symbol file data-000001D8E92B5CC0 doesn't match image D:\MAIN PROYECTO\Proyecto1\Proyecto1Unity\Proyecto1Unity\Library\ScriptAssemblies\Unity.VisualScripting.Shared.Editor.dll
Symbol file LoadedFromMemory is not a mono symbol file
Symbol file data-000001D8E82F0080 doesn't match image D:\MAIN PROYECTO\Proyecto1\Proyecto1Unity\Proyecto1Unity\Library\ScriptAssemblies\Unity.ShaderGraph.Editor.dll
Symbol file LoadedFromMemory is not a mono symbol file
Symbol file data-000001D8E79DA4E0 doesn't match image D:\MAIN PROYECTO\Proyecto1\Proyecto1Unity\Proyecto1Unity\Library\ScriptAssemblies\Unity.CollabProxy.Editor.dll
Symbol file LoadedFromMemory is not a mono symbol file
Symbol file data-000001D9153DE020 doesn't match image D:\MAIN PROYECTO\Proyecto1\Proyecto1Unity\Proyecto1Unity\Library\ScriptAssemblies\Unity.VisualStudio.Editor.dll
Symbol file LoadedFromMemory is not a mono symbol file
Symbol file data-000001D90BEE0B50 doesn't match image D:\MAIN PROYECTO\Proyecto1\Proyecto1Unity\Proyecto1Unity\Library\ScriptAssemblies\UnityEditor.UI.dll
Symbol file LoadedFromMemory is not a mono symbol file
Symbol file data-000001D8E8C2FAF0 doesn't match image D:\MAIN PROYECTO\Proyecto1\Proyecto1Unity\Proyecto1Unity\Library\ScriptAssemblies\Unity.VisualScripting.Core.dll
Symbol file LoadedFromMemory is not a mono symbol file
Symbol file data-000001D916016010 doesn't match image D:\MAIN PROYECTO\Proyecto1\Proyecto1Unity\Proyecto1Unity\Library\ScriptAssemblies\Unity.VisualScripting.Core.Editor.dll
Symbol file LoadedFromMemory is not a mono symbol file
Symbol file data-000001D90ADB1E50 doesn't match image D:\MAIN PROYECTO\Proyecto1\Proyecto1Unity\Proyecto1Unity\Library\ScriptAssemblies\Unity.Rider.Editor.dll
Symbol file LoadedFromMemory is not a mono symbol file
Symbol file data-000001D90A76BA70 doesn't match image D:\MAIN PROYECTO\Proyecto1\Proyecto1Unity\Proyecto1Unity\Library\ScriptAssemblies\Unity.ProBuilder.AddOns.Editor.dll
Symbol file LoadedFromMemory is not a mono symbol file
Symbol file data-000001D8E8B3BDD0 doesn't match image D:\MAIN PROYECTO\Proyecto1\Proyecto1Unity\Proyecto1Unity\Library\ScriptAssemblies\UnityEngine.UI.dll
Symbol file LoadedFromMemory is not a mono symbol file
Symbol file data-000001D8E92B5CC0 doesn't match image D:\MAIN PROYECTO\Proyecto1\Proyecto1Unity\Proyecto1Unity\Library\ScriptAssemblies\Unity.ProBuilder.Csg.dll
Symbol file LoadedFromMemory is not a mono symbol file
Symbol file data-000001D90AE6B020 doesn't match image D:\MAIN PROYECTO\Proyecto1\Proyecto1Unity\Proyecto1Unity\Library\ScriptAssemblies\Unity.RenderPipelines.Core.Editor.dll
Symbol file LoadedFromMemory is not a mono symbol file
Symbol file data-000001D90AC2E420 doesn't match image D:\MAIN PROYECTO\Proyecto1\Proyecto1Unity\Proyecto1Unity\Library\ScriptAssemblies\UnityEditor.TestRunner.dll
Symbol file LoadedFromMemory is not a mono symbol file
Symbol file data-000001D8E86DFCA0 doesn't match image D:\MAIN PROYECTO\Proyecto1\Proyecto1Unity\Proyecto1Unity\Library\ScriptAssemblies\Unity.VisualScripting.Flow.dll
Symbol file LoadedFromMemory is not a mono symbol file
Symbol file data-000001D915D9E020 doesn't match image D:\MAIN PROYECTO\Proyecto1\Proyecto1Unity\Proyecto1Unity\Library\ScriptAssemblies\Unity.VisualScripting.Flow.Editor.dll
Symbol file LoadedFromMemory is not a mono symbol file
Symbol file data-000001D90ACCC470 doesn't match image D:\MAIN PROYECTO\Proyecto1\Proyecto1Unity\Proyecto1Unity\Library\ScriptAssemblies\Unity.Timeline.dll
Symbol file LoadedFromMemory is not a mono symbol file
Symbol file data-000001D8E82F0080 doesn't match image D:\MAIN PROYECTO\Proyecto1\Proyecto1Unity\Proyecto1Unity\Library\ScriptAssemblies\Unity.InputSystem.dll
Symbol file LoadedFromMemory is not a mono symbol file
Symbol file data-000001D917FC0920 doesn't match image D:\MAIN PROYECTO\Proyecto1\Proyecto1Unity\Proyecto1Unity\Library\ScriptAssemblies\Unity.ProBuilder.Editor.dll
Symbol file LoadedFromMemory is not a mono symbol file
Symbol file data-000001D9156DD030 doesn't match image D:\MAIN PROYECTO\Proyecto1\Proyecto1Unity\Proyecto1Unity\Library\ScriptAssemblies\Unity.TestTools.CodeCoverage.Editor.OpenCover.Mono.Reflection.dll
Symbol file LoadedFromMemory is not a mono symbol file
Symbol file data-000001D90A76BA70 doesn't match image D:\MAIN PROYECTO\Proyecto1\Proyecto1Unity\Proyecto1Unity\Library\ScriptAssemblies\Unity.InputSystem.ForUI.dll
Symbol file LoadedFromMemory is not a mono symbol file
Symbol file data-000001D9156DD030 doesn't match image D:\MAIN PROYECTO\Proyecto1\Proyecto1Unity\Proyecto1Unity\Library\ScriptAssemblies\Unity.VisualScripting.SettingsProvider.Editor.dll
Symbol file LoadedFromMemory is not a mono symbol file
Symbol file data-000001D915D9E020 doesn't match image D:\MAIN PROYECTO\Proyecto1\Proyecto1Unity\Proyecto1Unity\Library\ScriptAssemblies\Unity.Performance.Profile-Analyzer.Editor.dll
Symbol file LoadedFromMemory is not a mono symbol file
Symbol file data-000001D90A76BA70 doesn't match image D:\MAIN PROYECTO\Proyecto1\Proyecto1Unity\Proyecto1Unity\Library\ScriptAssemblies\Unity.RenderPipelines.Core.ShaderLibrary.dll
Symbol file LoadedFromMemory is not a mono symbol file
Symbol file data-000001D8E92B5CC0 doesn't match image D:\MAIN PROYECTO\Proyecto1\Proyecto1Unity\Proyecto1Unity\Library\ScriptAssemblies\Unity.TestTools.CodeCoverage.Editor.OpenCover.Model.dll
Symbol file LoadedFromMemory is not a mono symbol file
Symbol file data-000001D8E92B5CC0 doesn't match image D:\MAIN PROYECTO\Proyecto1\Proyecto1Unity\Proyecto1Unity\Library\ScriptAssemblies\Unity.AI.Navigation.Updater.dll
Symbol file LoadedFromMemory is not a mono symbol file
Symbol file data-000001D90ADB1E50 doesn't match image D:\MAIN PROYECTO\Proyecto1\Proyecto1Unity\Proyecto1Unity\Library\ScriptAssemblies\Unity.ProBuilder.Poly2Tri.dll
Symbol file LoadedFromMemory is not a mono symbol file
Symbol file data-000001D9153DE020 doesn't match image D:\MAIN PROYECTO\Proyecto1\Proyecto1Unity\Proyecto1Unity\Library\ScriptAssemblies\Unity.TestTools.CodeCoverage.Editor.dll
Symbol file LoadedFromMemory is not a mono symbol file
Symbol file data-000001D914BBB010 doesn't match image D:\MAIN PROYECTO\Proyecto1\Proyecto1Unity\Proyecto1Unity\Library\ScriptAssemblies\UnityEngine.TestRunner.dll
Symbol file LoadedFromMemory is not a mono symbol file
Symbol file data-000001D90ADB1E50 doesn't match image D:\MAIN PROYECTO\Proyecto1\Proyecto1Unity\Proyecto1Unity\Library\ScriptAssemblies\Unity.VisualScripting.State.Editor.dll
Symbol file LoadedFromMemory is not a mono symbol file
Symbol file data-000001D8E8BB8820 doesn't match image D:\MAIN PROYECTO\Proyecto1\Proyecto1Unity\Proyecto1Unity\Library\ScriptAssemblies\Unity.Settings.Editor.dll
Symbol file LoadedFromMemory is not a mono symbol file
Symbol file data-000001D8E8BB8820 doesn't match image D:\MAIN PROYECTO\Proyecto1\Proyecto1Unity\Proyecto1Unity\Library\ScriptAssemblies\Unity.ProBuilder.KdTree.dll
Symbol file LoadedFromMemory is not a mono symbol file
Symbol file data-000001D90C92B030 doesn't match image D:\MAIN PROYECTO\Proyecto1\Proyecto1Unity\Proyecto1Unity\Library\ScriptAssemblies\Unity.TextMeshPro.dll
Symbol file LoadedFromMemory is not a mono symbol file
Symbol file data-000001D90BF24E40 doesn't match image D:\MAIN PROYECTO\Proyecto1\Proyecto1Unity\Proyecto1Unity\Library\ScriptAssemblies\Unity.TextMeshPro.Editor.dll
Symbol file LoadedFromMemory is not a mono symbol file
Symbol file data-000001D90C096A50 doesn't match image D:\MAIN PROYECTO\Proyecto1\Proyecto1Unity\Proyecto1Unity\Library\ScriptAssemblies\Unity.Searcher.Editor.dll
Symbol file LoadedFromMemory is not a mono symbol file
Symbol file data-000001D90C096A50 doesn't match image D:\MAIN PROYECTO\Proyecto1\Proyecto1Unity\Proyecto1Unity\Library\ScriptAssemblies\Unity.AI.Navigation.Editor.dll
Symbol file LoadedFromMemory is not a mono symbol file
Symbol file data-000001D90C096A50 doesn't match image D:\MAIN PROYECTO\Proyecto1\Proyecto1Unity\Proyecto1Unity\Library\ScriptAssemblies\Unity.ProBuilder.AssetIdRemapUtility.dll
Symbol file LoadedFromMemory is not a mono symbol file
Symbol file data-000001D91606A420 doesn't match image D:\MAIN PROYECTO\Proyecto1\Proyecto1Unity\Proyecto1Unity\Library\ScriptAssemblies\Unity.VisualScripting.State.dll
Symbol file LoadedFromMemory is not a mono symbol file
Symbol file data-000001D916070430 doesn't match image D:\MAIN PROYECTO\Proyecto1\Proyecto1Unity\Proyecto1Unity\Library\ScriptAssemblies\Unity.AI.Navigation.Editor.ConversionSystem.dll
Symbol file LoadedFromMemory is not a mono symbol file
Symbol file data-000001D90C92B030 doesn't match image D:\MAIN PROYECTO\Proyecto1\Proyecto1Unity\Proyecto1Unity\Library\ScriptAssemblies\Cinemachine.dll
Symbol file LoadedFromMemory is not a mono symbol file
Symbol file data-000001D916070430 doesn't match image D:\MAIN PROYECTO\Proyecto1\Proyecto1Unity\Proyecto1Unity\Library\ScriptAssemblies\Unity.VSCode.Editor.dll
Symbol file LoadedFromMemory is not a mono symbol file
Symbol file data-000001D90AC46C30 doesn't match image D:\MAIN PROYECTO\Proyecto1\Proyecto1Unity\Proyecto1Unity\Library\ScriptAssemblies\Unity.ShaderGraph.Utilities.dll
Symbol file LoadedFromMemory is not a mono symbol file
- Loaded All Assemblies, in  0.668 seconds
Refreshing native plugins compatible for Editor in 2.87 ms, found 3 plugins.
Native extension for WindowsStandalone target not found
Native extension for Android target not found
Native extension for WebGL target not found
[Package Manager] Server::EnsureServerProcessIsRunning -- launch failed, reason: Unity was launched with the -noUpm command-line argument
[Package Manager] UpmClient::Send -- Unable to send message (not connected to UPM process).
[Package Manager] Cannot connect to Unity Package Manager local server
Mono: successfully reloaded assembly
- Finished resetting the current domain, in  1.636 seconds
Domain Reload Profiling: 2295ms
	BeginReloadAssembly (217ms)
		ExecutionOrderSort (0ms)
		DisableScriptedObjects (5ms)
		BackupInstance (0ms)
		ReleaseScriptingObjects (0ms)
		CreateAndSetChildDomain (45ms)
	RebuildCommonClasses (44ms)
	RebuildNativeTypeToScriptingClass (15ms)
	initialDomainReloadingComplete (54ms)
	LoadAllAssembliesAndSetupDomain (329ms)
		LoadAssemblies (434ms)
		RebuildTransferFunctionScriptingTraits (0ms)
		AnalyzeDomain (18ms)
			TypeCache.Refresh (6ms)
				TypeCache.ScanAssembly (0ms)
			ScanForSourceGeneratedMonoScriptInfo (0ms)
			ResolveRequiredComponents (10ms)
	FinalizeReload (1637ms)
		ReleaseScriptCaches (0ms)
		RebuildScriptCaches (0ms)
		SetupLoadedEditorAssemblies (786ms)
			LogAssemblyErrors (0ms)
			InitializePlatformSupportModulesInManaged (44ms)
			SetLoadedEditorAssemblies (5ms)
			RefreshPlugins (0ms)
			BeforeProcessingInitializeOnLoad (119ms)
			ProcessInitializeOnLoadAttributes (505ms)
			ProcessInitializeOnLoadMethodAttributes (88ms)
			AfterProcessingInitializeOnLoad (25ms)
			EditorAssembliesLoaded (0ms)
		ExecutionOrderSort2 (0ms)
		AwakeInstancesAfterBackupRestoration (8ms)
Shader Hidden/ProbeVolume/VoxelizeScene is not supported: GPU does not support conservative rasterization
Refreshing native plugins compatible for Editor in 3.95 ms, found 3 plugins.
Preloading 0 native plugins for Editor in 0.00 ms.
Unloading 5196 Unused Serialized files (Serialized files now loaded: 0)
Unloading 35 unused Assets / (454.3 KB). Loaded Objects now: 5740.
Memory consumption went from 181.5 MB to 181.1 MB.
Total: 4.818600 ms (FindLiveObjects: 0.509000 ms CreateObjectMapping: 0.216600 ms MarkObjects: 3.841000 ms  DeleteObjects: 0.250300 ms)

Prepare: number of updated asset objects reloaded= 0
AssetImportParameters requested are different than current active one (requested -> active):
  custom:container-demuxer-ogg: 62fdf1f143b41e24485cea50d1cbac27 -> 
  custom:video-decoder-ogg-theora: a1e56fd34408186e4bbccfd4996cb3dc -> 
  custom:framework-win-MediaFoundation: 216162199b28c13a410421893ffa2e32 -> 
  custom:CustomObjectIndexerAttribute: 6d391050e5a25f67b0a2c618074f2cd9 -> 
  custom:container-demuxer-webm: 4f35f7cbe854078d1ac9338744f61a02 -> 
  custom:container-muxer-webm: aa71ff27fc2769a1b78a27578f13a17b -> 
  custom:video-decoder-webm-vp8: 9c59270c3fd7afecdb556c50c9e8de78 -> 
  custom:SearchIndexIgnoredProperties: e643bd26f0fe6173181afceb89e7c659 -> 
  custom:AudioImporter_EditorPlatform: d09bf68614088b80899f8185d706f6e7 -> 
  custom:video-encoder-webm-vp8: eb34c28f22e8b96e1ab97ce403110664 -> 
  custom:audio-decoder-ogg-vorbis: bf7c407c2cedff20999df2af8eb42d56 -> 
  custom:audio-encoder-webm-vorbis: bf7c407c2cedff20999df2af8eb42d56 -> 
========================================================================
Received Prepare
Begin MonoManager ReloadAssembly
Symbol file data-000001D90C64F010 doesn't match image D:\MAIN PROYECTO\Proyecto1\Proyecto1Unity\Proyecto1Unity\Library\ScriptAssemblies\Unity.RenderPipelines.ShaderGraph.ShaderGraphLibrary.dll
Symbol file LoadedFromMemory is not a mono symbol file
Symbol file data-000001D90C64F010 doesn't match image D:\MAIN PROYECTO\Proyecto1\Proyecto1Unity\Proyecto1Unity\Library\ScriptAssemblies\Unity.EditorCoroutines.Editor.dll
Symbol file LoadedFromMemory is not a mono symbol file
Symbol file data-000001D915318020 doesn't match image D:\MAIN PROYECTO\Proyecto1\Proyecto1Unity\Proyecto1Unity\Library\ScriptAssemblies\Unity.RenderPipelines.Core.Runtime.dll
Symbol file LoadedFromMemory is not a mono symbol file
Symbol file data-000001D914CB8040 doesn't match image D:\MAIN PROYECTO\Proyecto1\Proyecto1Unity\Proyecto1Unity\Library\ScriptAssemblies\com.unity.cinemachine.editor.dll
Symbol file LoadedFromMemory is not a mono symbol file
Symbol file data-000001D915F6C020 doesn't match image D:\MAIN PROYECTO\Proyecto1\Proyecto1Unity\Proyecto1Unity\Library\ScriptAssemblies\Unity.AI.Navigation.dll
Symbol file LoadedFromMemory is not a mono symbol file
Symbol file data-000001D918061DF0 doesn't match image D:\MAIN PROYECTO\Proyecto1\Proyecto1Unity\Proyecto1Unity\Library\ScriptAssemblies\Unity.PlasticSCM.Editor.dll
Symbol file LoadedFromMemory is not a mono symbol file
Symbol file data-000001D915F6C020 doesn't match image D:\MAIN PROYECTO\Proyecto1\Proyecto1Unity\Proyecto1Unity\Library\ScriptAssemblies\Unity.ProBuilder.Stl.dll
Symbol file LoadedFromMemory is not a mono symbol file
Symbol file data-000001D8E8B3BDD0 doesn't match image D:\MAIN PROYECTO\Proyecto1\Proyecto1Unity\Proyecto1Unity\Library\ScriptAssemblies\Unity.ProBuilder.dll
Symbol file LoadedFromMemory is not a mono symbol file
Symbol file data-000001D90B0B8010 doesn't match image D:\MAIN PROYECTO\Proyecto1\Proyecto1Unity\Proyecto1Unity\Library\ScriptAssemblies\Unity.Timeline.Editor.dll
Symbol file LoadedFromMemory is not a mono symbol file
Symbol file data-000001D8E92B5CC0 doesn't match image D:\MAIN PROYECTO\Proyecto1\Proyecto1Unity\Proyecto1Unity\Library\ScriptAssemblies\Unity.VisualScripting.Shared.Editor.dll
Symbol file LoadedFromMemory is not a mono symbol file
Symbol file data-000001D8E82F0080 doesn't match image D:\MAIN PROYECTO\Proyecto1\Proyecto1Unity\Proyecto1Unity\Library\ScriptAssemblies\Unity.ShaderGraph.Editor.dll
Symbol file LoadedFromMemory is not a mono symbol file
Symbol file data-000001D8E92B5CC0 doesn't match image D:\MAIN PROYECTO\Proyecto1\Proyecto1Unity\Proyecto1Unity\Library\ScriptAssemblies\Unity.CollabProxy.Editor.dll
Symbol file LoadedFromMemory is not a mono symbol file
Symbol file data-000001D915744010 doesn't match image D:\MAIN PROYECTO\Proyecto1\Proyecto1Unity\Proyecto1Unity\Library\ScriptAssemblies\Unity.VisualStudio.Editor.dll
Symbol file LoadedFromMemory is not a mono symbol file
Symbol file data-000001D90BEE0B50 doesn't match image D:\MAIN PROYECTO\Proyecto1\Proyecto1Unity\Proyecto1Unity\Library\ScriptAssemblies\UnityEditor.UI.dll
Symbol file LoadedFromMemory is not a mono symbol file
Symbol file data-000001D916150FA0 doesn't match image D:\MAIN PROYECTO\Proyecto1\Proyecto1Unity\Proyecto1Unity\Library\ScriptAssemblies\Unity.VisualScripting.Core.dll
Symbol file LoadedFromMemory is not a mono symbol file
Symbol file data-000001D916016010 doesn't match image D:\MAIN PROYECTO\Proyecto1\Proyecto1Unity\Proyecto1Unity\Library\ScriptAssemblies\Unity.VisualScripting.Core.Editor.dll
Symbol file LoadedFromMemory is not a mono symbol file
Symbol file data-000001D90BEE0B50 doesn't match image D:\MAIN PROYECTO\Proyecto1\Proyecto1Unity\Proyecto1Unity\Library\ScriptAssemblies\Unity.Rider.Editor.dll
Symbol file LoadedFromMemory is not a mono symbol file
Symbol file data-000001D8E92B5CC0 doesn't match image D:\MAIN PROYECTO\Proyecto1\Proyecto1Unity\Proyecto1Unity\Library\ScriptAssemblies\Unity.ProBuilder.AddOns.Editor.dll
Symbol file LoadedFromMemory is not a mono symbol file
Symbol file data-000001D91538A040 doesn't match image D:\MAIN PROYECTO\Proyecto1\Proyecto1Unity\Proyecto1Unity\Library\ScriptAssemblies\UnityEngine.UI.dll
Symbol file LoadedFromMemory is not a mono symbol file
Symbol file data-000001D915F6C020 doesn't match image D:\MAIN PROYECTO\Proyecto1\Proyecto1Unity\Proyecto1Unity\Library\ScriptAssemblies\Unity.ProBuilder.Csg.dll
Symbol file LoadedFromMemory is not a mono symbol file
Symbol file data-000001D918061DF0 doesn't match image D:\MAIN PROYECTO\Proyecto1\Proyecto1Unity\Proyecto1Unity\Library\ScriptAssemblies\Unity.RenderPipelines.Core.Editor.dll
Symbol file LoadedFromMemory is not a mono symbol file
Symbol file data-000001D90A5CE040 doesn't match image D:\MAIN PROYECTO\Proyecto1\Proyecto1Unity\Proyecto1Unity\Library\ScriptAssemblies\UnityEditor.TestRunner.dll
Symbol file LoadedFromMemory is not a mono symbol file
Symbol file data-000001D90A5F4800 doesn't match image D:\MAIN PROYECTO\Proyecto1\Proyecto1Unity\Proyecto1Unity\Library\ScriptAssemblies\Unity.VisualScripting.Flow.dll
Symbol file LoadedFromMemory is not a mono symbol file
Symbol file data-000001D90C440020 doesn't match image D:\MAIN PROYECTO\Proyecto1\Proyecto1Unity\Proyecto1Unity\Library\ScriptAssemblies\Unity.VisualScripting.Flow.Editor.dll
Symbol file LoadedFromMemory is not a mono symbol file
Symbol file data-000001D90ACCC470 doesn't match image D:\MAIN PROYECTO\Proyecto1\Proyecto1Unity\Proyecto1Unity\Library\ScriptAssemblies\Unity.Timeline.dll
Symbol file LoadedFromMemory is not a mono symbol file
Symbol file data-000001D8E82F0080 doesn't match image D:\MAIN PROYECTO\Proyecto1\Proyecto1Unity\Proyecto1Unity\Library\ScriptAssemblies\Unity.InputSystem.dll
Symbol file LoadedFromMemory is not a mono symbol file
Symbol file data-000001D8E8C78FD0 doesn't match image D:\MAIN PROYECTO\Proyecto1\Proyecto1Unity\Proyecto1Unity\Library\ScriptAssemblies\Unity.ProBuilder.Editor.dll
Symbol file LoadedFromMemory is not a mono symbol file
Symbol file data-000001D9156DD030 doesn't match image D:\MAIN PROYECTO\Proyecto1\Proyecto1Unity\Proyecto1Unity\Library\ScriptAssemblies\Unity.TestTools.CodeCoverage.Editor.OpenCover.Mono.Reflection.dll
Symbol file LoadedFromMemory is not a mono symbol file
Symbol file data-000001D9156DD030 doesn't match image D:\MAIN PROYECTO\Proyecto1\Proyecto1Unity\Proyecto1Unity\Library\ScriptAssemblies\Unity.InputSystem.ForUI.dll
Symbol file LoadedFromMemory is not a mono symbol file
Symbol file data-000001D915F6C020 doesn't match image D:\MAIN PROYECTO\Proyecto1\Proyecto1Unity\Proyecto1Unity\Library\ScriptAssemblies\Unity.VisualScripting.SettingsProvider.Editor.dll
Symbol file LoadedFromMemory is not a mono symbol file
Symbol file data-000001D90C440020 doesn't match image D:\MAIN PROYECTO\Proyecto1\Proyecto1Unity\Proyecto1Unity\Library\ScriptAssemblies\Unity.Performance.Profile-Analyzer.Editor.dll
Symbol file LoadedFromMemory is not a mono symbol file
Symbol file data-000001D915F6C020 doesn't match image D:\MAIN PROYECTO\Proyecto1\Proyecto1Unity\Proyecto1Unity\Library\ScriptAssemblies\Unity.RenderPipelines.Core.ShaderLibrary.dll
Symbol file LoadedFromMemory is not a mono symbol file
Symbol file data-000001D8E90BE030 doesn't match image D:\MAIN PROYECTO\Proyecto1\Proyecto1Unity\Proyecto1Unity\Library\ScriptAssemblies\Unity.TestTools.CodeCoverage.Editor.OpenCover.Model.dll
Symbol file LoadedFromMemory is not a mono symbol file
Symbol file data-000001D8E90BE030 doesn't match image D:\MAIN PROYECTO\Proyecto1\Proyecto1Unity\Proyecto1Unity\Library\ScriptAssemblies\Unity.AI.Navigation.Updater.dll
Symbol file LoadedFromMemory is not a mono symbol file
Symbol file data-000001D918099400 doesn't match image D:\MAIN PROYECTO\Proyecto1\Proyecto1Unity\Proyecto1Unity\Library\ScriptAssemblies\Unity.ProBuilder.Poly2Tri.dll
Symbol file LoadedFromMemory is not a mono symbol file
Symbol file data-000001D90AF81010 doesn't match image D:\MAIN PROYECTO\Proyecto1\Proyecto1Unity\Proyecto1Unity\Library\ScriptAssemblies\Unity.TestTools.CodeCoverage.Editor.dll
Symbol file LoadedFromMemory is not a mono symbol file
Symbol file data-000001D914BBB010 doesn't match image D:\MAIN PROYECTO\Proyecto1\Proyecto1Unity\Proyecto1Unity\Library\ScriptAssemblies\UnityEngine.TestRunner.dll
Symbol file LoadedFromMemory is not a mono symbol file
Symbol file data-000001D90ADB1E50 doesn't match image D:\MAIN PROYECTO\Proyecto1\Proyecto1Unity\Proyecto1Unity\Library\ScriptAssemblies\Unity.VisualScripting.State.Editor.dll
Symbol file LoadedFromMemory is not a mono symbol file
Symbol file data-000001D8E90BE030 doesn't match image D:\MAIN PROYECTO\Proyecto1\Proyecto1Unity\Proyecto1Unity\Library\ScriptAssemblies\Unity.Settings.Editor.dll
Symbol file LoadedFromMemory is not a mono symbol file
Symbol file data-000001D918099400 doesn't match image D:\MAIN PROYECTO\Proyecto1\Proyecto1Unity\Proyecto1Unity\Library\ScriptAssemblies\Unity.ProBuilder.KdTree.dll
Symbol file LoadedFromMemory is not a mono symbol file
Symbol file data-000001D8E8B3BDD0 doesn't match image D:\MAIN PROYECTO\Proyecto1\Proyecto1Unity\Proyecto1Unity\Library\ScriptAssemblies\Unity.TextMeshPro.dll
Symbol file LoadedFromMemory is not a mono symbol file
Symbol file data-000001D918044020 doesn't match image D:\MAIN PROYECTO\Proyecto1\Proyecto1Unity\Proyecto1Unity\Library\ScriptAssemblies\Unity.TextMeshPro.Editor.dll
Symbol file LoadedFromMemory is not a mono symbol file
Symbol file data-000001D8E8CB19E0 doesn't match image D:\MAIN PROYECTO\Proyecto1\Proyecto1Unity\Proyecto1Unity\Library\ScriptAssemblies\Unity.Searcher.Editor.dll
Symbol file LoadedFromMemory is not a mono symbol file
Symbol file data-000001D8E8CB19E0 doesn't match image D:\MAIN PROYECTO\Proyecto1\Proyecto1Unity\Proyecto1Unity\Library\ScriptAssemblies\Unity.AI.Navigation.Editor.dll
Symbol file LoadedFromMemory is not a mono symbol file
Symbol file data-000001D8E8CB19E0 doesn't match image D:\MAIN PROYECTO\Proyecto1\Proyecto1Unity\Proyecto1Unity\Library\ScriptAssemblies\Unity.ProBuilder.AssetIdRemapUtility.dll
Symbol file LoadedFromMemory is not a mono symbol file
Symbol file data-000001D8E8BB8820 doesn't match image D:\MAIN PROYECTO\Proyecto1\Proyecto1Unity\Proyecto1Unity\Library\ScriptAssemblies\Unity.VisualScripting.State.dll
Symbol file LoadedFromMemory is not a mono symbol file
Symbol file data-000001D8E8BBE830 doesn't match image D:\MAIN PROYECTO\Proyecto1\Proyecto1Unity\Proyecto1Unity\Library\ScriptAssemblies\Unity.AI.Navigation.Editor.ConversionSystem.dll
Symbol file LoadedFromMemory is not a mono symbol file
Symbol file data-000001D9160DB020 doesn't match image D:\MAIN PROYECTO\Proyecto1\Proyecto1Unity\Proyecto1Unity\Library\ScriptAssemblies\Cinemachine.dll
Symbol file LoadedFromMemory is not a mono symbol file
Symbol file data-000001D91606A420 doesn't match image D:\MAIN PROYECTO\Proyecto1\Proyecto1Unity\Proyecto1Unity\Library\ScriptAssemblies\Unity.VSCode.Editor.dll
Symbol file LoadedFromMemory is not a mono symbol file
Symbol file data-000001D8E8BBE830 doesn't match image D:\MAIN PROYECTO\Proyecto1\Proyecto1Unity\Proyecto1Unity\Library\ScriptAssemblies\Unity.ShaderGraph.Utilities.dll
Symbol file LoadedFromMemory is not a mono symbol file
- Loaded All Assemblies, in  0.636 seconds
Refreshing native plugins compatible for Editor in 2.95 ms, found 3 plugins.
Native extension for WindowsStandalone target not found
Native extension for Android target not found
Native extension for WebGL target not found
[Package Manager] Server::EnsureServerProcessIsRunning -- launch failed, reason: Unity was launched with the -noUpm command-line argument
[Package Manager] UpmClient::Send -- Unable to send message (not connected to UPM process).
[Package Manager] Cannot connect to Unity Package Manager local server
Mono: successfully reloaded assembly
- Finished resetting the current domain, in  1.688 seconds
Domain Reload Profiling: 2316ms
	BeginReloadAssembly (213ms)
		ExecutionOrderSort (0ms)
		DisableScriptedObjects (7ms)
		BackupInstance (0ms)
		ReleaseScriptingObjects (0ms)
		CreateAndSetChildDomain (40ms)
	RebuildCommonClasses (46ms)
	RebuildNativeTypeToScriptingClass (14ms)
	initialDomainReloadingComplete (48ms)
	LoadAllAssembliesAndSetupDomain (307ms)
		LoadAssemblies (410ms)
		RebuildTransferFunctionScriptingTraits (0ms)
		AnalyzeDomain (19ms)
			TypeCache.Refresh (7ms)
				TypeCache.ScanAssembly (0ms)
			ScanForSourceGeneratedMonoScriptInfo (0ms)
			ResolveRequiredComponents (11ms)
	FinalizeReload (1688ms)
		ReleaseScriptCaches (0ms)
		RebuildScriptCaches (0ms)
		SetupLoadedEditorAssemblies (847ms)
			LogAssemblyErrors (0ms)
			InitializePlatformSupportModulesInManaged (47ms)
			SetLoadedEditorAssemblies (4ms)
			RefreshPlugins (0ms)
			BeforeProcessingInitializeOnLoad (141ms)
			ProcessInitializeOnLoadAttributes (544ms)
			ProcessInitializeOnLoadMethodAttributes (88ms)
			AfterProcessingInitializeOnLoad (23ms)
			EditorAssembliesLoaded (0ms)
		ExecutionOrderSort2 (0ms)
		AwakeInstancesAfterBackupRestoration (9ms)
Shader Hidden/ProbeVolume/VoxelizeScene is not supported: GPU does not support conservative rasterization
Refreshing native plugins compatible for Editor in 3.32 ms, found 3 plugins.
Preloading 0 native plugins for Editor in 0.00 ms.
Unloading 5197 Unused Serialized files (Serialized files now loaded: 0)
Unloading 35 unused Assets / (438.3 KB). Loaded Objects now: 5755.
Memory consumption went from 183.7 MB to 183.3 MB.
Total: 4.626600 ms (FindLiveObjects: 0.524000 ms CreateObjectMapping: 0.170700 ms MarkObjects: 3.670000 ms  DeleteObjects: 0.260700 ms)

Prepare: number of updated asset objects reloaded= 0
AssetImportParameters requested are different than current active one (requested -> active):
  custom:container-demuxer-ogg: 62fdf1f143b41e24485cea50d1cbac27 -> 
  custom:video-decoder-ogg-theora: a1e56fd34408186e4bbccfd4996cb3dc -> 
  custom:framework-win-MediaFoundation: 216162199b28c13a410421893ffa2e32 -> 
  custom:CustomObjectIndexerAttribute: 6d391050e5a25f67b0a2c618074f2cd9 -> 
  custom:container-demuxer-webm: 4f35f7cbe854078d1ac9338744f61a02 -> 
  custom:container-muxer-webm: aa71ff27fc2769a1b78a27578f13a17b -> 
  custom:video-decoder-webm-vp8: 9c59270c3fd7afecdb556c50c9e8de78 -> 
  custom:SearchIndexIgnoredProperties: e643bd26f0fe6173181afceb89e7c659 -> 
  custom:AudioImporter_EditorPlatform: d09bf68614088b80899f8185d706f6e7 -> 
  custom:video-encoder-webm-vp8: eb34c28f22e8b96e1ab97ce403110664 -> 
  custom:audio-decoder-ogg-vorbis: bf7c407c2cedff20999df2af8eb42d56 -> 
  custom:audio-encoder-webm-vorbis: bf7c407c2cedff20999df2af8eb42d56 -> 
========================================================================
Received Prepare
Begin MonoManager ReloadAssembly
Symbol file data-000001D917944020 doesn't match image D:\MAIN PROYECTO\Proyecto1\Proyecto1Unity\Proyecto1Unity\Library\ScriptAssemblies\Unity.RenderPipelines.ShaderGraph.ShaderGraphLibrary.dll
Symbol file LoadedFromMemory is not a mono symbol file
Symbol file data-000001D917944020 doesn't match image D:\MAIN PROYECTO\Proyecto1\Proyecto1Unity\Proyecto1Unity\Library\ScriptAssemblies\Unity.EditorCoroutines.Editor.dll
Symbol file LoadedFromMemory is not a mono symbol file
Symbol file data-000001D915318020 doesn't match image D:\MAIN PROYECTO\Proyecto1\Proyecto1Unity\Proyecto1Unity\Library\ScriptAssemblies\Unity.RenderPipelines.Core.Runtime.dll
Symbol file LoadedFromMemory is not a mono symbol file
Symbol file data-000001D90A768040 doesn't match image D:\MAIN PROYECTO\Proyecto1\Proyecto1Unity\Proyecto1Unity\Library\ScriptAssemblies\com.unity.cinemachine.editor.dll
Symbol file LoadedFromMemory is not a mono symbol file
Symbol file data-000001D915C32010 doesn't match image D:\MAIN PROYECTO\Proyecto1\Proyecto1Unity\Proyecto1Unity\Library\ScriptAssemblies\Unity.AI.Navigation.dll
Symbol file LoadedFromMemory is not a mono symbol file
Symbol file data-000001D918061DF0 doesn't match image D:\MAIN PROYECTO\Proyecto1\Proyecto1Unity\Proyecto1Unity\Library\ScriptAssemblies\Unity.PlasticSCM.Editor.dll
Symbol file LoadedFromMemory is not a mono symbol file
Symbol file data-000001D915C32010 doesn't match image D:\MAIN PROYECTO\Proyecto1\Proyecto1Unity\Proyecto1Unity\Library\ScriptAssemblies\Unity.ProBuilder.Stl.dll
Symbol file LoadedFromMemory is not a mono symbol file
Symbol file data-000001D8E8B3BDD0 doesn't match image D:\MAIN PROYECTO\Proyecto1\Proyecto1Unity\Proyecto1Unity\Library\ScriptAssemblies\Unity.ProBuilder.dll
Symbol file LoadedFromMemory is not a mono symbol file
Symbol file data-000001D90B0B8010 doesn't match image D:\MAIN PROYECTO\Proyecto1\Proyecto1Unity\Proyecto1Unity\Library\ScriptAssemblies\Unity.Timeline.Editor.dll
Symbol file LoadedFromMemory is not a mono symbol file
Symbol file data-000001D915C32010 doesn't match image D:\MAIN PROYECTO\Proyecto1\Proyecto1Unity\Proyecto1Unity\Library\ScriptAssemblies\Unity.VisualScripting.Shared.Editor.dll
Symbol file LoadedFromMemory is not a mono symbol file
Symbol file data-000001D8E82F0080 doesn't match image D:\MAIN PROYECTO\Proyecto1\Proyecto1Unity\Proyecto1Unity\Library\ScriptAssemblies\Unity.ShaderGraph.Editor.dll
Symbol file LoadedFromMemory is not a mono symbol file
Symbol file data-000001D915C32010 doesn't match image D:\MAIN PROYECTO\Proyecto1\Proyecto1Unity\Proyecto1Unity\Library\ScriptAssemblies\Unity.CollabProxy.Editor.dll
Symbol file LoadedFromMemory is not a mono symbol file
Symbol file data-000001D90AFA0B30 doesn't match image D:\MAIN PROYECTO\Proyecto1\Proyecto1Unity\Proyecto1Unity\Library\ScriptAssemblies\Unity.VisualStudio.Editor.dll
Symbol file LoadedFromMemory is not a mono symbol file
Symbol file data-000001D914F3A020 doesn't match image D:\MAIN PROYECTO\Proyecto1\Proyecto1Unity\Proyecto1Unity\Library\ScriptAssemblies\UnityEditor.UI.dll
Symbol file LoadedFromMemory is not a mono symbol file
Symbol file data-000001D917FBC910 doesn't match image D:\MAIN PROYECTO\Proyecto1\Proyecto1Unity\Proyecto1Unity\Library\ScriptAssemblies\Unity.VisualScripting.Core.dll
Symbol file LoadedFromMemory is not a mono symbol file
Symbol file data-000001D8E8C78FD0 doesn't match image D:\MAIN PROYECTO\Proyecto1\Proyecto1Unity\Proyecto1Unity\Library\ScriptAssemblies\Unity.VisualScripting.Core.Editor.dll
Symbol file LoadedFromMemory is not a mono symbol file
Symbol file data-000001D914F3A020 doesn't match image D:\MAIN PROYECTO\Proyecto1\Proyecto1Unity\Proyecto1Unity\Library\ScriptAssemblies\Unity.Rider.Editor.dll
Symbol file LoadedFromMemory is not a mono symbol file
Symbol file data-000001D915C32010 doesn't match image D:\MAIN PROYECTO\Proyecto1\Proyecto1Unity\Proyecto1Unity\Library\ScriptAssemblies\Unity.ProBuilder.AddOns.Editor.dll
Symbol file LoadedFromMemory is not a mono symbol file
Symbol file data-000001D8E72DBCB0 doesn't match image D:\MAIN PROYECTO\Proyecto1\Proyecto1Unity\Proyecto1Unity\Library\ScriptAssemblies\UnityEngine.UI.dll
Symbol file LoadedFromMemory is not a mono symbol file
Symbol file data-000001D90C8BF030 doesn't match image D:\MAIN PROYECTO\Proyecto1\Proyecto1Unity\Proyecto1Unity\Library\ScriptAssemblies\Unity.ProBuilder.Csg.dll
Symbol file LoadedFromMemory is not a mono symbol file
Symbol file data-000001D918061DF0 doesn't match image D:\MAIN PROYECTO\Proyecto1\Proyecto1Unity\Proyecto1Unity\Library\ScriptAssemblies\Unity.RenderPipelines.Core.Editor.dll
Symbol file LoadedFromMemory is not a mono symbol file
Symbol file data-000001D90A5CE040 doesn't match image D:\MAIN PROYECTO\Proyecto1\Proyecto1Unity\Proyecto1Unity\Library\ScriptAssemblies\UnityEditor.TestRunner.dll
Symbol file LoadedFromMemory is not a mono symbol file
Symbol file data-000001D8E8D5C010 doesn't match image D:\MAIN PROYECTO\Proyecto1\Proyecto1Unity\Proyecto1Unity\Library\ScriptAssemblies\Unity.VisualScripting.Flow.dll
Symbol file LoadedFromMemory is not a mono symbol file
Symbol file data-000001D90C440020 doesn't match image D:\MAIN PROYECTO\Proyecto1\Proyecto1Unity\Proyecto1Unity\Library\ScriptAssemblies\Unity.VisualScripting.Flow.Editor.dll
Symbol file LoadedFromMemory is not a mono symbol file
Symbol file data-000001D90ACCC470 doesn't match image D:\MAIN PROYECTO\Proyecto1\Proyecto1Unity\Proyecto1Unity\Library\ScriptAssemblies\Unity.Timeline.dll
Symbol file LoadedFromMemory is not a mono symbol file
Symbol file data-000001D8E82F0080 doesn't match image D:\MAIN PROYECTO\Proyecto1\Proyecto1Unity\Proyecto1Unity\Library\ScriptAssemblies\Unity.InputSystem.dll
Symbol file LoadedFromMemory is not a mono symbol file
Symbol file data-000001D8E8C2FAF0 doesn't match image D:\MAIN PROYECTO\Proyecto1\Proyecto1Unity\Proyecto1Unity\Library\ScriptAssemblies\Unity.ProBuilder.Editor.dll
Symbol file LoadedFromMemory is not a mono symbol file
Symbol file data-000001D8E8CCD3E0 doesn't match image D:\MAIN PROYECTO\Proyecto1\Proyecto1Unity\Proyecto1Unity\Library\ScriptAssemblies\Unity.TestTools.CodeCoverage.Editor.OpenCover.Mono.Reflection.dll
Symbol file LoadedFromMemory is not a mono symbol file
Symbol file data-000001D8E8CCD3E0 doesn't match image D:\MAIN PROYECTO\Proyecto1\Proyecto1Unity\Proyecto1Unity\Library\ScriptAssemblies\Unity.InputSystem.ForUI.dll
Symbol file LoadedFromMemory is not a mono symbol file
Symbol file data-000001D9156DD030 doesn't match image D:\MAIN PROYECTO\Proyecto1\Proyecto1Unity\Proyecto1Unity\Library\ScriptAssemblies\Unity.VisualScripting.SettingsProvider.Editor.dll
Symbol file LoadedFromMemory is not a mono symbol file
Symbol file data-000001D90C440020 doesn't match image D:\MAIN PROYECTO\Proyecto1\Proyecto1Unity\Proyecto1Unity\Library\ScriptAssemblies\Unity.Performance.Profile-Analyzer.Editor.dll
Symbol file LoadedFromMemory is not a mono symbol file
Symbol file data-000001D9156DD030 doesn't match image D:\MAIN PROYECTO\Proyecto1\Proyecto1Unity\Proyecto1Unity\Library\ScriptAssemblies\Unity.RenderPipelines.Core.ShaderLibrary.dll
Symbol file LoadedFromMemory is not a mono symbol file
Symbol file data-000001D918099400 doesn't match image D:\MAIN PROYECTO\Proyecto1\Proyecto1Unity\Proyecto1Unity\Library\ScriptAssemblies\Unity.TestTools.CodeCoverage.Editor.OpenCover.Model.dll
Symbol file LoadedFromMemory is not a mono symbol file
Symbol file data-000001D918099400 doesn't match image D:\MAIN PROYECTO\Proyecto1\Proyecto1Unity\Proyecto1Unity\Library\ScriptAssemblies\Unity.AI.Navigation.Updater.dll
Symbol file LoadedFromMemory is not a mono symbol file
Symbol file data-000001D918099400 doesn't match image D:\MAIN PROYECTO\Proyecto1\Proyecto1Unity\Proyecto1Unity\Library\ScriptAssemblies\Unity.ProBuilder.Poly2Tri.dll
Symbol file LoadedFromMemory is not a mono symbol file
Symbol file data-000001D90A440080 doesn't match image D:\MAIN PROYECTO\Proyecto1\Proyecto1Unity\Proyecto1Unity\Library\ScriptAssemblies\Unity.TestTools.CodeCoverage.Editor.dll
Symbol file LoadedFromMemory is not a mono symbol file
Symbol file data-000001D914BBB010 doesn't match image D:\MAIN PROYECTO\Proyecto1\Proyecto1Unity\Proyecto1Unity\Library\ScriptAssemblies\UnityEngine.TestRunner.dll
Symbol file LoadedFromMemory is not a mono symbol file
Symbol file data-000001D90ADB1E50 doesn't match image D:\MAIN PROYECTO\Proyecto1\Proyecto1Unity\Proyecto1Unity\Library\ScriptAssemblies\Unity.VisualScripting.State.Editor.dll
Symbol file LoadedFromMemory is not a mono symbol file
Symbol file data-000001D918099400 doesn't match image D:\MAIN PROYECTO\Proyecto1\Proyecto1Unity\Proyecto1Unity\Library\ScriptAssemblies\Unity.Settings.Editor.dll
Symbol file LoadedFromMemory is not a mono symbol file
Symbol file data-000001D917F0CD40 doesn't match image D:\MAIN PROYECTO\Proyecto1\Proyecto1Unity\Proyecto1Unity\Library\ScriptAssemblies\Unity.ProBuilder.KdTree.dll
Symbol file LoadedFromMemory is not a mono symbol file
Symbol file data-000001D8E8B3BDD0 doesn't match image D:\MAIN PROYECTO\Proyecto1\Proyecto1Unity\Proyecto1Unity\Library\ScriptAssemblies\Unity.TextMeshPro.dll
Symbol file LoadedFromMemory is not a mono symbol file
Symbol file data-000001D8E8B9C010 doesn't match image D:\MAIN PROYECTO\Proyecto1\Proyecto1Unity\Proyecto1Unity\Library\ScriptAssemblies\Unity.TextMeshPro.Editor.dll
Symbol file LoadedFromMemory is not a mono symbol file
Symbol file data-000001D90C096A50 doesn't match image D:\MAIN PROYECTO\Proyecto1\Proyecto1Unity\Proyecto1Unity\Library\ScriptAssemblies\Unity.Searcher.Editor.dll
Symbol file LoadedFromMemory is not a mono symbol file
Symbol file data-000001D90C096A50 doesn't match image D:\MAIN PROYECTO\Proyecto1\Proyecto1Unity\Proyecto1Unity\Library\ScriptAssemblies\Unity.AI.Navigation.Editor.dll
Symbol file LoadedFromMemory is not a mono symbol file
Symbol file data-000001D90C096A50 doesn't match image D:\MAIN PROYECTO\Proyecto1\Proyecto1Unity\Proyecto1Unity\Library\ScriptAssemblies\Unity.ProBuilder.AssetIdRemapUtility.dll
Symbol file LoadedFromMemory is not a mono symbol file
Symbol file data-000001D917A39010 doesn't match image D:\MAIN PROYECTO\Proyecto1\Proyecto1Unity\Proyecto1Unity\Library\ScriptAssemblies\Unity.VisualScripting.State.dll
Symbol file LoadedFromMemory is not a mono symbol file
Symbol file data-000001D917A3F020 doesn't match image D:\MAIN PROYECTO\Proyecto1\Proyecto1Unity\Proyecto1Unity\Library\ScriptAssemblies\Unity.AI.Navigation.Editor.ConversionSystem.dll
Symbol file LoadedFromMemory is not a mono symbol file
Symbol file data-000001D90C0EDE20 doesn't match image D:\MAIN PROYECTO\Proyecto1\Proyecto1Unity\Proyecto1Unity\Library\ScriptAssemblies\Cinemachine.dll
Symbol file LoadedFromMemory is not a mono symbol file
Symbol file data-000001D9152D4030 doesn't match image D:\MAIN PROYECTO\Proyecto1\Proyecto1Unity\Proyecto1Unity\Library\ScriptAssemblies\Unity.VSCode.Editor.dll
Symbol file LoadedFromMemory is not a mono symbol file
Symbol file data-000001D917A3F020 doesn't match image D:\MAIN PROYECTO\Proyecto1\Proyecto1Unity\Proyecto1Unity\Library\ScriptAssemblies\Unity.ShaderGraph.Utilities.dll
Symbol file LoadedFromMemory is not a mono symbol file
- Loaded All Assemblies, in  0.648 seconds
Refreshing native plugins compatible for Editor in 3.06 ms, found 3 plugins.
Native extension for WindowsStandalone target not found
Native extension for Android target not found
Native extension for WebGL target not found
[Package Manager] Server::EnsureServerProcessIsRunning -- launch failed, reason: Unity was launched with the -noUpm command-line argument
[Package Manager] UpmClient::Send -- Unable to send message (not connected to UPM process).
[Package Manager] Cannot connect to Unity Package Manager local server
Mono: successfully reloaded assembly
- Finished resetting the current domain, in  1.690 seconds
Domain Reload Profiling: 2331ms
	BeginReloadAssembly (212ms)
		ExecutionOrderSort (0ms)
		DisableScriptedObjects (5ms)
		BackupInstance (0ms)
		ReleaseScriptingObjects (0ms)
		CreateAndSetChildDomain (46ms)
	RebuildCommonClasses (50ms)
	RebuildNativeTypeToScriptingClass (16ms)
	initialDomainReloadingComplete (49ms)
	LoadAllAssembliesAndSetupDomain (313ms)
		LoadAssemblies (410ms)
		RebuildTransferFunctionScriptingTraits (0ms)
		AnalyzeDomain (18ms)
			TypeCache.Refresh (7ms)
				TypeCache.ScanAssembly (0ms)
			ScanForSourceGeneratedMonoScriptInfo (0ms)
			ResolveRequiredComponents (10ms)
	FinalizeReload (1691ms)
		ReleaseScriptCaches (0ms)
		RebuildScriptCaches (0ms)
		SetupLoadedEditorAssemblies (833ms)
			LogAssemblyErrors (0ms)
			InitializePlatformSupportModulesInManaged (50ms)
			SetLoadedEditorAssemblies (4ms)
			RefreshPlugins (0ms)
			BeforeProcessingInitializeOnLoad (134ms)
			ProcessInitializeOnLoadAttributes (525ms)
			ProcessInitializeOnLoadMethodAttributes (95ms)
			AfterProcessingInitializeOnLoad (24ms)
			EditorAssembliesLoaded (0ms)
		ExecutionOrderSort2 (0ms)
		AwakeInstancesAfterBackupRestoration (8ms)
Shader Hidden/ProbeVolume/VoxelizeScene is not supported: GPU does not support conservative rasterization
Refreshing native plugins compatible for Editor in 3.87 ms, found 3 plugins.
Preloading 0 native plugins for Editor in 0.00 ms.
Unloading 5197 Unused Serialized files (Serialized files now loaded: 0)
Unloading 35 unused Assets / (438.3 KB). Loaded Objects now: 5770.
Memory consumption went from 185.6 MB to 185.2 MB.
Total: 4.877300 ms (FindLiveObjects: 0.624600 ms CreateObjectMapping: 0.241600 ms MarkObjects: 3.753000 ms  DeleteObjects: 0.256700 ms)

Prepare: number of updated asset objects reloaded= 0
AssetImportParameters requested are different than current active one (requested -> active):
  custom:container-demuxer-ogg: 62fdf1f143b41e24485cea50d1cbac27 -> 
  custom:video-decoder-ogg-theora: a1e56fd34408186e4bbccfd4996cb3dc -> 
  custom:framework-win-MediaFoundation: 216162199b28c13a410421893ffa2e32 -> 
  custom:CustomObjectIndexerAttribute: 6d391050e5a25f67b0a2c618074f2cd9 -> 
  custom:container-demuxer-webm: 4f35f7cbe854078d1ac9338744f61a02 -> 
  custom:container-muxer-webm: aa71ff27fc2769a1b78a27578f13a17b -> 
  custom:video-decoder-webm-vp8: 9c59270c3fd7afecdb556c50c9e8de78 -> 
  custom:SearchIndexIgnoredProperties: e643bd26f0fe6173181afceb89e7c659 -> 
  custom:AudioImporter_EditorPlatform: d09bf68614088b80899f8185d706f6e7 -> 
  custom:video-encoder-webm-vp8: eb34c28f22e8b96e1ab97ce403110664 -> 
  custom:audio-decoder-ogg-vorbis: bf7c407c2cedff20999df2af8eb42d56 -> 
  custom:audio-encoder-webm-vorbis: bf7c407c2cedff20999df2af8eb42d56 -> 
========================================================================
Received Prepare
Begin MonoManager ReloadAssembly
Symbol file data-000001D8E873E020 doesn't match image D:\MAIN PROYECTO\Proyecto1\Proyecto1Unity\Proyecto1Unity\Library\ScriptAssemblies\Unity.RenderPipelines.ShaderGraph.ShaderGraphLibrary.dll
Symbol file LoadedFromMemory is not a mono symbol file
Symbol file data-000001D8E873E020 doesn't match image D:\MAIN PROYECTO\Proyecto1\Proyecto1Unity\Proyecto1Unity\Library\ScriptAssemblies\Unity.EditorCoroutines.Editor.dll
Symbol file LoadedFromMemory is not a mono symbol file
Symbol file data-000001D915318020 doesn't match image D:\MAIN PROYECTO\Proyecto1\Proyecto1Unity\Proyecto1Unity\Library\ScriptAssemblies\Unity.RenderPipelines.Core.Runtime.dll
Symbol file LoadedFromMemory is not a mono symbol file
Symbol file data-000001D915EABF00 doesn't match image D:\MAIN PROYECTO\Proyecto1\Proyecto1Unity\Proyecto1Unity\Library\ScriptAssemblies\com.unity.cinemachine.editor.dll
Symbol file LoadedFromMemory is not a mono symbol file
Symbol file data-000001D9180F3070 doesn't match image D:\MAIN PROYECTO\Proyecto1\Proyecto1Unity\Proyecto1Unity\Library\ScriptAssemblies\Unity.AI.Navigation.dll
Symbol file LoadedFromMemory is not a mono symbol file
Symbol file data-000001D918061DF0 doesn't match image D:\MAIN PROYECTO\Proyecto1\Proyecto1Unity\Proyecto1Unity\Library\ScriptAssemblies\Unity.PlasticSCM.Editor.dll
Symbol file LoadedFromMemory is not a mono symbol file
Symbol file data-000001D9180F3070 doesn't match image D:\MAIN PROYECTO\Proyecto1\Proyecto1Unity\Proyecto1Unity\Library\ScriptAssemblies\Unity.ProBuilder.Stl.dll
Symbol file LoadedFromMemory is not a mono symbol file
Symbol file data-000001D8E8B3BDD0 doesn't match image D:\MAIN PROYECTO\Proyecto1\Proyecto1Unity\Proyecto1Unity\Library\ScriptAssemblies\Unity.ProBuilder.dll
Symbol file LoadedFromMemory is not a mono symbol file
Symbol file data-000001D90B0B8010 doesn't match image D:\MAIN PROYECTO\Proyecto1\Proyecto1Unity\Proyecto1Unity\Library\ScriptAssemblies\Unity.Timeline.Editor.dll
Symbol file LoadedFromMemory is not a mono symbol file
Symbol file data-000001D8E873E020 doesn't match image D:\MAIN PROYECTO\Proyecto1\Proyecto1Unity\Proyecto1Unity\Library\ScriptAssemblies\Unity.VisualScripting.Shared.Editor.dll
Symbol file LoadedFromMemory is not a mono symbol file
Symbol file data-000001D8E82F0080 doesn't match image D:\MAIN PROYECTO\Proyecto1\Proyecto1Unity\Proyecto1Unity\Library\ScriptAssemblies\Unity.ShaderGraph.Editor.dll
Symbol file LoadedFromMemory is not a mono symbol file
Symbol file data-000001D8E873E020 doesn't match image D:\MAIN PROYECTO\Proyecto1\Proyecto1Unity\Proyecto1Unity\Library\ScriptAssemblies\Unity.CollabProxy.Editor.dll
Symbol file LoadedFromMemory is not a mono symbol file
Symbol file data-000001D9159EA020 doesn't match image D:\MAIN PROYECTO\Proyecto1\Proyecto1Unity\Proyecto1Unity\Library\ScriptAssemblies\Unity.VisualStudio.Editor.dll
Symbol file LoadedFromMemory is not a mono symbol file
Symbol file data-000001D90BEE0B50 doesn't match image D:\MAIN PROYECTO\Proyecto1\Proyecto1Unity\Proyecto1Unity\Library\ScriptAssemblies\UnityEditor.UI.dll
Symbol file LoadedFromMemory is not a mono symbol file
Symbol file data-000001D917FBC910 doesn't match image D:\MAIN PROYECTO\Proyecto1\Proyecto1Unity\Proyecto1Unity\Library\ScriptAssemblies\Unity.VisualScripting.Core.dll
Symbol file LoadedFromMemory is not a mono symbol file
Symbol file data-000001D8E8C78FD0 doesn't match image D:\MAIN PROYECTO\Proyecto1\Proyecto1Unity\Proyecto1Unity\Library\ScriptAssemblies\Unity.VisualScripting.Core.Editor.dll
Symbol file LoadedFromMemory is not a mono symbol file
Symbol file data-000001D90BEE0B50 doesn't match image D:\MAIN PROYECTO\Proyecto1\Proyecto1Unity\Proyecto1Unity\Library\ScriptAssemblies\Unity.Rider.Editor.dll
Symbol file LoadedFromMemory is not a mono symbol file
Symbol file data-000001D8E873E020 doesn't match image D:\MAIN PROYECTO\Proyecto1\Proyecto1Unity\Proyecto1Unity\Library\ScriptAssemblies\Unity.ProBuilder.AddOns.Editor.dll
Symbol file LoadedFromMemory is not a mono symbol file
Symbol file data-000001D8E72DBCB0 doesn't match image D:\MAIN PROYECTO\Proyecto1\Proyecto1Unity\Proyecto1Unity\Library\ScriptAssemblies\UnityEngine.UI.dll
Symbol file LoadedFromMemory is not a mono symbol file
Symbol file data-000001D9180F3070 doesn't match image D:\MAIN PROYECTO\Proyecto1\Proyecto1Unity\Proyecto1Unity\Library\ScriptAssemblies\Unity.ProBuilder.Csg.dll
Symbol file LoadedFromMemory is not a mono symbol file
Symbol file data-000001D918061DF0 doesn't match image D:\MAIN PROYECTO\Proyecto1\Proyecto1Unity\Proyecto1Unity\Library\ScriptAssemblies\Unity.RenderPipelines.Core.Editor.dll
Symbol file LoadedFromMemory is not a mono symbol file
Symbol file data-000001D90AE6B020 doesn't match image D:\MAIN PROYECTO\Proyecto1\Proyecto1Unity\Proyecto1Unity\Library\ScriptAssemblies\UnityEditor.TestRunner.dll
Symbol file LoadedFromMemory is not a mono symbol file
Symbol file data-000001D90A5F4800 doesn't match image D:\MAIN PROYECTO\Proyecto1\Proyecto1Unity\Proyecto1Unity\Library\ScriptAssemblies\Unity.VisualScripting.Flow.dll
Symbol file LoadedFromMemory is not a mono symbol file
Symbol file data-000001D90AE6B020 doesn't match image D:\MAIN PROYECTO\Proyecto1\Proyecto1Unity\Proyecto1Unity\Library\ScriptAssemblies\Unity.VisualScripting.Flow.Editor.dll
Symbol file LoadedFromMemory is not a mono symbol file
Symbol file data-000001D90ACCC470 doesn't match image D:\MAIN PROYECTO\Proyecto1\Proyecto1Unity\Proyecto1Unity\Library\ScriptAssemblies\Unity.Timeline.dll
Symbol file LoadedFromMemory is not a mono symbol file
Symbol file data-000001D8E82F0080 doesn't match image D:\MAIN PROYECTO\Proyecto1\Proyecto1Unity\Proyecto1Unity\Library\ScriptAssemblies\Unity.InputSystem.dll
Symbol file LoadedFromMemory is not a mono symbol file
Symbol file data-000001D915A38030 doesn't match image D:\MAIN PROYECTO\Proyecto1\Proyecto1Unity\Proyecto1Unity\Library\ScriptAssemblies\Unity.ProBuilder.Editor.dll
Symbol file LoadedFromMemory is not a mono symbol file
Symbol file data-000001D9180F3070 doesn't match image D:\MAIN PROYECTO\Proyecto1\Proyecto1Unity\Proyecto1Unity\Library\ScriptAssemblies\Unity.TestTools.CodeCoverage.Editor.OpenCover.Mono.Reflection.dll
Symbol file LoadedFromMemory is not a mono symbol file
Symbol file data-000001D9180F3070 doesn't match image D:\MAIN PROYECTO\Proyecto1\Proyecto1Unity\Proyecto1Unity\Library\ScriptAssemblies\Unity.InputSystem.ForUI.dll
Symbol file LoadedFromMemory is not a mono symbol file
Symbol file data-000001D8E8CCD3E0 doesn't match image D:\MAIN PROYECTO\Proyecto1\Proyecto1Unity\Proyecto1Unity\Library\ScriptAssemblies\Unity.VisualScripting.SettingsProvider.Editor.dll
Symbol file LoadedFromMemory is not a mono symbol file
Symbol file data-000001D90AE6B020 doesn't match image D:\MAIN PROYECTO\Proyecto1\Proyecto1Unity\Proyecto1Unity\Library\ScriptAssemblies\Unity.Performance.Profile-Analyzer.Editor.dll
Symbol file LoadedFromMemory is not a mono symbol file
Symbol file data-000001D8E8CCD3E0 doesn't match image D:\MAIN PROYECTO\Proyecto1\Proyecto1Unity\Proyecto1Unity\Library\ScriptAssemblies\Unity.RenderPipelines.Core.ShaderLibrary.dll
Symbol file LoadedFromMemory is not a mono symbol file
Symbol file data-000001D8E8CCD3E0 doesn't match image D:\MAIN PROYECTO\Proyecto1\Proyecto1Unity\Proyecto1Unity\Library\ScriptAssemblies\Unity.TestTools.CodeCoverage.Editor.OpenCover.Model.dll
Symbol file LoadedFromMemory is not a mono symbol file
Symbol file data-000001D8E8CCD3E0 doesn't match image D:\MAIN PROYECTO\Proyecto1\Proyecto1Unity\Proyecto1Unity\Library\ScriptAssemblies\Unity.AI.Navigation.Updater.dll
Symbol file LoadedFromMemory is not a mono symbol file
Symbol file data-000001D915286020 doesn't match image D:\MAIN PROYECTO\Proyecto1\Proyecto1Unity\Proyecto1Unity\Library\ScriptAssemblies\Unity.ProBuilder.Poly2Tri.dll
Symbol file LoadedFromMemory is not a mono symbol file
Symbol file data-000001D916099400 doesn't match image D:\MAIN PROYECTO\Proyecto1\Proyecto1Unity\Proyecto1Unity\Library\ScriptAssemblies\Unity.TestTools.CodeCoverage.Editor.dll
Symbol file LoadedFromMemory is not a mono symbol file
Symbol file data-000001D90AC2E420 doesn't match image D:\MAIN PROYECTO\Proyecto1\Proyecto1Unity\Proyecto1Unity\Library\ScriptAssemblies\UnityEngine.TestRunner.dll
Symbol file LoadedFromMemory is not a mono symbol file
Symbol file data-000001D915286020 doesn't match image D:\MAIN PROYECTO\Proyecto1\Proyecto1Unity\Proyecto1Unity\Library\ScriptAssemblies\Unity.VisualScripting.State.Editor.dll
Symbol file LoadedFromMemory is not a mono symbol file
Symbol file data-000001D91574C020 doesn't match image D:\MAIN PROYECTO\Proyecto1\Proyecto1Unity\Proyecto1Unity\Library\ScriptAssemblies\Unity.Settings.Editor.dll
Symbol file LoadedFromMemory is not a mono symbol file
Symbol file data-000001D91574C020 doesn't match image D:\MAIN PROYECTO\Proyecto1\Proyecto1Unity\Proyecto1Unity\Library\ScriptAssemblies\Unity.ProBuilder.KdTree.dll
Symbol file LoadedFromMemory is not a mono symbol file
Symbol file data-000001D8E8B3BDD0 doesn't match image D:\MAIN PROYECTO\Proyecto1\Proyecto1Unity\Proyecto1Unity\Library\ScriptAssemblies\Unity.TextMeshPro.dll
Symbol file LoadedFromMemory is not a mono symbol file
Symbol file data-000001D90BF24E40 doesn't match image D:\MAIN PROYECTO\Proyecto1\Proyecto1Unity\Proyecto1Unity\Library\ScriptAssemblies\Unity.TextMeshPro.Editor.dll
Symbol file LoadedFromMemory is not a mono symbol file
Symbol file data-000001D91574C020 doesn't match image D:\MAIN PROYECTO\Proyecto1\Proyecto1Unity\Proyecto1Unity\Library\ScriptAssemblies\Unity.Searcher.Editor.dll
Symbol file LoadedFromMemory is not a mono symbol file
Symbol file data-000001D91574C020 doesn't match image D:\MAIN PROYECTO\Proyecto1\Proyecto1Unity\Proyecto1Unity\Library\ScriptAssemblies\Unity.AI.Navigation.Editor.dll
Symbol file LoadedFromMemory is not a mono symbol file
Symbol file data-000001D91574C020 doesn't match image D:\MAIN PROYECTO\Proyecto1\Proyecto1Unity\Proyecto1Unity\Library\ScriptAssemblies\Unity.ProBuilder.AssetIdRemapUtility.dll
Symbol file LoadedFromMemory is not a mono symbol file
Symbol file data-000001D90C64F010 doesn't match image D:\MAIN PROYECTO\Proyecto1\Proyecto1Unity\Proyecto1Unity\Library\ScriptAssemblies\Unity.VisualScripting.State.dll
Symbol file LoadedFromMemory is not a mono symbol file
Symbol file data-000001D915C32010 doesn't match image D:\MAIN PROYECTO\Proyecto1\Proyecto1Unity\Proyecto1Unity\Library\ScriptAssemblies\Unity.AI.Navigation.Editor.ConversionSystem.dll
Symbol file LoadedFromMemory is not a mono symbol file
Symbol file data-000001D90C0EDE20 doesn't match image D:\MAIN PROYECTO\Proyecto1\Proyecto1Unity\Proyecto1Unity\Library\ScriptAssemblies\Cinemachine.dll
Symbol file LoadedFromMemory is not a mono symbol file
Symbol file data-000001D915C32010 doesn't match image D:\MAIN PROYECTO\Proyecto1\Proyecto1Unity\Proyecto1Unity\Library\ScriptAssemblies\Unity.VSCode.Editor.dll
Symbol file LoadedFromMemory is not a mono symbol file
Symbol file data-000001D915C32010 doesn't match image D:\MAIN PROYECTO\Proyecto1\Proyecto1Unity\Proyecto1Unity\Library\ScriptAssemblies\Unity.ShaderGraph.Utilities.dll
Symbol file LoadedFromMemory is not a mono symbol file
- Loaded All Assemblies, in  0.646 seconds
Refreshing native plugins compatible for Editor in 2.90 ms, found 3 plugins.
Native extension for WindowsStandalone target not found
Native extension for Android target not found
Native extension for WebGL target not found
[Package Manager] Server::EnsureServerProcessIsRunning -- launch failed, reason: Unity was launched with the -noUpm command-line argument
[Package Manager] UpmClient::Send -- Unable to send message (not connected to UPM process).
[Package Manager] Cannot connect to Unity Package Manager local server
Mono: successfully reloaded assembly
- Finished resetting the current domain, in  1.712 seconds
Domain Reload Profiling: 2351ms
	BeginReloadAssembly (210ms)
		ExecutionOrderSort (0ms)
		DisableScriptedObjects (5ms)
		BackupInstance (0ms)
		ReleaseScriptingObjects (0ms)
		CreateAndSetChildDomain (42ms)
	RebuildCommonClasses (45ms)
	RebuildNativeTypeToScriptingClass (14ms)
	initialDomainReloadingComplete (54ms)
	LoadAllAssembliesAndSetupDomain (315ms)
		LoadAssemblies (415ms)
		RebuildTransferFunctionScriptingTraits (0ms)
		AnalyzeDomain (19ms)
			TypeCache.Refresh (6ms)
				TypeCache.ScanAssembly (0ms)
			ScanForSourceGeneratedMonoScriptInfo (0ms)
			ResolveRequiredComponents (10ms)
	FinalizeReload (1712ms)
		ReleaseScriptCaches (0ms)
		RebuildScriptCaches (0ms)
		SetupLoadedEditorAssemblies (836ms)
			LogAssemblyErrors (0ms)
			InitializePlatformSupportModulesInManaged (51ms)
			SetLoadedEditorAssemblies (4ms)
			RefreshPlugins (0ms)
			BeforeProcessingInitializeOnLoad (122ms)
			ProcessInitializeOnLoadAttributes (548ms)
			ProcessInitializeOnLoadMethodAttributes (86ms)
			AfterProcessingInitializeOnLoad (25ms)
			EditorAssembliesLoaded (0ms)
		ExecutionOrderSort2 (0ms)
		AwakeInstancesAfterBackupRestoration (9ms)
Shader Hidden/ProbeVolume/VoxelizeScene is not supported: GPU does not support conservative rasterization
Refreshing native plugins compatible for Editor in 3.19 ms, found 3 plugins.
Preloading 0 native plugins for Editor in 0.00 ms.
Unloading 5197 Unused Serialized files (Serialized files now loaded: 0)
Unloading 35 unused Assets / (438.2 KB). Loaded Objects now: 5785.
Memory consumption went from 187.5 MB to 187.1 MB.
Total: 5.048200 ms (FindLiveObjects: 0.672700 ms CreateObjectMapping: 0.311200 ms MarkObjects: 3.751700 ms  DeleteObjects: 0.311000 ms)

Prepare: number of updated asset objects reloaded= 0
AssetImportParameters requested are different than current active one (requested -> active):
  custom:container-demuxer-ogg: 62fdf1f143b41e24485cea50d1cbac27 -> 
  custom:video-decoder-ogg-theora: a1e56fd34408186e4bbccfd4996cb3dc -> 
  custom:framework-win-MediaFoundation: 216162199b28c13a410421893ffa2e32 -> 
  custom:CustomObjectIndexerAttribute: 6d391050e5a25f67b0a2c618074f2cd9 -> 
  custom:container-demuxer-webm: 4f35f7cbe854078d1ac9338744f61a02 -> 
  custom:container-muxer-webm: aa71ff27fc2769a1b78a27578f13a17b -> 
  custom:video-decoder-webm-vp8: 9c59270c3fd7afecdb556c50c9e8de78 -> 
  custom:SearchIndexIgnoredProperties: e643bd26f0fe6173181afceb89e7c659 -> 
  custom:AudioImporter_EditorPlatform: d09bf68614088b80899f8185d706f6e7 -> 
  custom:video-encoder-webm-vp8: eb34c28f22e8b96e1ab97ce403110664 -> 
  custom:audio-decoder-ogg-vorbis: bf7c407c2cedff20999df2af8eb42d56 -> 
  custom:audio-encoder-webm-vorbis: bf7c407c2cedff20999df2af8eb42d56 -> 
